
[09:28:43] Repository root: /workspace/geometric-v1

[09:28:43] Checking NVIDIA visibility
Sun Jun 14 09:28:43 2026       
+---------------------------------------------------------------------------------------+
| NVIDIA-SMI 535.161.08             Driver Version: 535.161.08   CUDA Version: 12.5     |
|-----------------------------------------+----------------------+----------------------+
| GPU  Name                 Persistence-M | Bus-Id        Disp.A | Volatile Uncorr. ECC |
| Fan  Temp   Perf          Pwr:Usage/Cap |         Memory-Usage | GPU-Util  Compute M. |
|                                         |                      |               MIG M. |
|=========================================+======================+======================|
|   0  NVIDIA H100 80GB HBM3          On  | 00000000:DF:00.0 Off |                   On |
| N/A   32C    P0             105W / 700W |                  N/A |     N/A      Default |
|                                         |                      |              Enabled |
+-----------------------------------------+----------------------+----------------------+

+---------------------------------------------------------------------------------------+
| MIG devices:                                                                          |
+------------------+--------------------------------+-----------+-----------------------+
| GPU  GI  CI  MIG |                   Memory-Usage |        Vol|      Shared           |
|      ID  ID  Dev |                     BAR1-Usage | SM     Unc| CE ENC DEC OFA JPG    |
|                  |                                |        ECC|                       |
|==================+================================+===========+=======================|
|  0    2   0   0  |              37MiB / 40320MiB  | 60      0 |  3   0    3    0    3 |
|                  |               0MiB / 65535MiB  |           |                       |
+------------------+--------------------------------+-----------+-----------------------+
                                                                                         
+---------------------------------------------------------------------------------------+
| Processes:                                                                            |
|  GPU   GI   CI        PID   Type   Process name                            GPU Memory |
|        ID   ID                                                             Usage      |
|=======================================================================================|
|  No running processes found                                                           |
+---------------------------------------------------------------------------------------+

[09:28:44] Python 3.11 was not found. Creating a no-root micromamba Python 3.11 environment.

[09:28:44] Creating local micromamba environment: /workspace/geometric-v1/.venv-linux-gpu
Fetch Shard Index for conda-forge/linux-64                                                      ⧖ Starting
Fetch Shard Index for conda-forge/linux-64                                                ✔ Done (0.1 sec)
Fetch Shard Index for conda-forge/noarch                                                        ⧖ Starting
Fetch Shard Index for conda-forge/noarch                                                  ✔ Done (0.1 sec)
Fetching and Parsing Packages' Shards                                                           ⧖ Starting
Fetching and Parsing Packages' Shards                                                     ✔ Done (3.1 sec)

Resolving Environment                                                                           ⧖ Starting
Resolving Environment                                                                     ✔ Done (0.1 sec)

Transaction

  Prefix: /workspace/geometric-v1/.venv-linux-gpu

  Updating specs:

   - python=3.11
   - pip
   - setuptools
   - wheel


  Package               Version  Build                 Channel           Size
───────────────────────────────────────────────────────────────────────────────
  Install:
───────────────────────────────────────────────────────────────────────────────

  + _openmp_mutex           4.5  20_gnu                conda-forge     Cached
  + bzip2                 1.0.8  hda65f42_9            conda-forge     Cached
  + ca-certificates   2026.5.20  hbd8a1cb_0            conda-forge     Cached
  + ld_impl_linux-64     2.45.1  default_hbd61a6d_102  conda-forge     Cached
  + libexpat              2.8.1  hecca717_1            conda-forge       78kB
  + libffi                3.5.2  h3435931_0            conda-forge     Cached
  + libgcc               15.2.0  he0feb66_19           conda-forge     Cached
  + libgcc-ng            15.2.0  h69a702a_19           conda-forge     Cached
  + libgomp              15.2.0  he0feb66_19           conda-forge     Cached
  + liblzma               5.8.3  hb03c661_0            conda-forge     Cached
  + libnsl                2.0.1  hb9d3cd8_1            conda-forge     Cached
  + libsqlite            3.53.2  h0c1763c_0            conda-forge     Cached
  + libuuid              2.42.1  h5347b49_0            conda-forge     Cached
  + libxcrypt            4.4.36  hd590300_1            conda-forge     Cached
  + libzlib               1.3.2  h25fd6f3_2            conda-forge     Cached
  + ncurses                 6.6  hdb14827_0            conda-forge     Cached
  + openssl               3.6.3  h35e630c_0            conda-forge        3MB
  + packaging              26.2  pyhc364b38_0          conda-forge     Cached
  + pip                  26.1.2  pyh8b19718_0          conda-forge     Cached
  + python              3.11.15  h7508c33_1_cpython    conda-forge       31MB
  + readline                8.3  h853b02a_0            conda-forge     Cached
  + setuptools           82.0.1  pyh332efcf_0          conda-forge     Cached
  + tk                   8.6.13  noxft_h366c992_103    conda-forge     Cached
  + tzdata                2025c  hc9c84f9_1            conda-forge     Cached
  + wheel                0.47.0  pyhd8ed1ab_0          conda-forge     Cached
  + zstd                  1.5.7  hb78ec9c_6            conda-forge     Cached

  Summary:

  Install: 26 packages

  Total download: 34MB

───────────────────────────────────────────────────────────────────────────────



Transaction starting
Linking libzlib-1.3.2-h25fd6f3_2
Linking libgomp-15.2.0-he0feb66_19
Linking zstd-1.5.7-hb78ec9c_6
Linking _openmp_mutex-4.5-20_gnu
Linking ld_impl_linux-64-2.45.1-default_hbd61a6d_102
Linking libgcc-15.2.0-he0feb66_19
Linking libffi-3.5.2-h3435931_0
Linking libsqlite-3.53.2-h0c1763c_0
Linking tk-8.6.13-noxft_h366c992_103
Linking bzip2-1.0.8-hda65f42_9
Linking libnsl-2.0.1-hb9d3cd8_1
Linking libexpat-2.8.1-hecca717_1
Linking libgcc-ng-15.2.0-h69a702a_19
Linking libuuid-2.42.1-h5347b49_0
Linking liblzma-5.8.3-hb03c661_0
Linking ncurses-6.6-hdb14827_0
Linking libxcrypt-4.4.36-hd590300_1
Linking readline-8.3-h853b02a_0
Linking tzdata-2025c-hc9c84f9_1
Linking ca-certificates-2026.5.20-hbd8a1cb_0
Linking openssl-3.6.3-h35e630c_0
Linking python-3.11.15-h7508c33_1_cpython
Linking packaging-26.2-pyhc364b38_0
Linking setuptools-82.0.1-pyh332efcf_0
Linking wheel-0.47.0-pyhd8ed1ab_0
Linking pip-26.1.2-pyh8b19718_0

Transaction finished


To activate this environment, use:

    micromamba activate /workspace/geometric-v1/.venv-linux-gpu

Or to execute a single command in this environment, use:

    micromamba run -p /workspace/geometric-v1/.venv-linux-gpu mycommand


[09:28:59] Upgrading pip tooling
Looking in indexes: https://pypi.org/simple, https://pypi.ngc.nvidia.com
Requirement already satisfied: pip in ./.venv-linux-gpu/lib/python3.11/site-packages (26.1.2)
Requirement already satisfied: setuptools in ./.venv-linux-gpu/lib/python3.11/site-packages (82.0.1)
Requirement already satisfied: wheel in ./.venv-linux-gpu/lib/python3.11/site-packages (0.47.0)
Requirement already satisfied: packaging>=24.0 in ./.venv-linux-gpu/lib/python3.11/site-packages (from wheel) (26.2)
WARNING: Running pip as the 'root' user can result in broken permissions and conflicting behaviour with the system package manager, possibly rendering your system unusable. It is recommended to use a virtual environment instead: https://pip.pypa.io/warnings/venv. Use the --root-user-action option if you know what you are doing and want to suppress this warning.

[09:29:04] Installing PyTorch CUDA wheel set with pip: cu118
Looking in indexes: https://download.pytorch.org/whl/cu118, https://pypi.ngc.nvidia.com
Collecting torch
  Downloading torch-2.7.1%2Bcu118-cp311-cp311-manylinux_2_28_x86_64.whl.metadata (28 kB)
Collecting torchvision
  Downloading torchvision-0.22.1%2Bcu118-cp311-cp311-manylinux_2_28_x86_64.whl.metadata (6.1 kB)
Collecting torchaudio
  Downloading torchaudio-2.7.1%2Bcu118-cp311-cp311-manylinux_2_28_x86_64.whl.metadata (6.6 kB)
Collecting filelock (from torch)
  Downloading filelock-3.29.0-py3-none-any.whl.metadata (2.0 kB)
Collecting typing-extensions>=4.10.0 (from torch)
  Downloading typing_extensions-4.15.0-py3-none-any.whl.metadata (3.3 kB)
Collecting sympy>=1.13.3 (from torch)
  Downloading sympy-1.14.0-py3-none-any.whl.metadata (12 kB)
Collecting networkx (from torch)
  Downloading networkx-3.6.1-py3-none-any.whl.metadata (6.8 kB)
Collecting jinja2 (from torch)
  Downloading jinja2-3.1.6-py3-none-any.whl.metadata (2.9 kB)
Collecting fsspec (from torch)
  Downloading fsspec-2026.4.0-py3-none-any.whl.metadata (10 kB)
Collecting nvidia-cuda-nvrtc-cu11==11.8.89 (from torch)
  Downloading nvidia_cuda_nvrtc_cu11-11.8.89-py3-none-manylinux1_x86_64.whl (23.2 MB)
     ━━━━━━━━━━━━━━━━━━━━━━━━━━━━━━━━━━━━━━━━ 23.2/23.2 MB 111.6 MB/s  0:00:00
Collecting nvidia-cuda-runtime-cu11==11.8.89 (from torch)
  Downloading nvidia_cuda_runtime_cu11-11.8.89-py3-none-manylinux1_x86_64.whl (875 kB)
     ━━━━━━━━━━━━━━━━━━━━━━━━━━━━━━━━━━━━━━━━ 875.6/875.6 kB 272.2 MB/s  0:00:00
Collecting nvidia-cuda-cupti-cu11==11.8.87 (from torch)
  Downloading nvidia_cuda_cupti_cu11-11.8.87-py3-none-manylinux1_x86_64.whl (13.1 MB)
     ━━━━━━━━━━━━━━━━━━━━━━━━━━━━━━━━━━━━━━━━ 13.1/13.1 MB 186.5 MB/s  0:00:00
Collecting nvidia-cudnn-cu11==9.1.0.70 (from torch)
  Downloading nvidia_cudnn_cu11-9.1.0.70-py3-none-manylinux2014_x86_64.whl (663.9 MB)
     ━━━━━━━━━━━━━━━━━━━━━━━━━━━━━━━━━━━━━━━━ 663.9/663.9 MB 91.4 MB/s  0:00:06
Collecting nvidia-cublas-cu11==11.11.3.6 (from torch)
  Downloading nvidia_cublas_cu11-11.11.3.6-py3-none-manylinux1_x86_64.whl (417.9 MB)
     ━━━━━━━━━━━━━━━━━━━━━━━━━━━━━━━━━━━━━━━━ 417.9/417.9 MB 92.0 MB/s  0:00:04
Collecting nvidia-cufft-cu11==10.9.0.58 (from torch)
  Downloading nvidia_cufft_cu11-10.9.0.58-py3-none-manylinux1_x86_64.whl (168.4 MB)
     ━━━━━━━━━━━━━━━━━━━━━━━━━━━━━━━━━━━━━━━━ 168.4/168.4 MB 130.9 MB/s  0:00:01
Collecting nvidia-curand-cu11==10.3.0.86 (from torch)
  Downloading nvidia_curand_cu11-10.3.0.86-py3-none-manylinux1_x86_64.whl (58.1 MB)
     ━━━━━━━━━━━━━━━━━━━━━━━━━━━━━━━━━━━━━━━━ 58.1/58.1 MB 124.5 MB/s  0:00:00
Collecting nvidia-cusolver-cu11==11.4.1.48 (from torch)
  Downloading nvidia_cusolver_cu11-11.4.1.48-py3-none-manylinux1_x86_64.whl (128.2 MB)
     ━━━━━━━━━━━━━━━━━━━━━━━━━━━━━━━━━━━━━━━━ 128.2/128.2 MB 122.9 MB/s  0:00:01
Collecting nvidia-cusparse-cu11==11.7.5.86 (from torch)
  Downloading nvidia_cusparse_cu11-11.7.5.86-py3-none-manylinux1_x86_64.whl (204.1 MB)
     ━━━━━━━━━━━━━━━━━━━━━━━━━━━━━━━━━━━━━━━━ 204.1/204.1 MB 107.9 MB/s  0:00:01
Collecting nvidia-nccl-cu11==2.21.5 (from torch)
  Downloading nvidia_nccl_cu11-2.21.5-py3-none-manylinux2014_x86_64.whl (147.8 MB)
     ━━━━━━━━━━━━━━━━━━━━━━━━━━━━━━━━━━━━━━━━ 147.8/147.8 MB 150.9 MB/s  0:00:00
Collecting nvidia-nvtx-cu11==11.8.86 (from torch)
  Downloading nvidia_nvtx_cu11-11.8.86-py3-none-manylinux1_x86_64.whl (99 kB)
Collecting triton==3.3.1 (from torch)
  Downloading triton-3.3.1-cp311-cp311-manylinux_2_27_x86_64.manylinux_2_28_x86_64.whl.metadata (1.5 kB)
Requirement already satisfied: setuptools>=40.8.0 in ./.venv-linux-gpu/lib/python3.11/site-packages (from triton==3.3.1->torch) (82.0.1)
Collecting numpy (from torchvision)
  Downloading numpy-2.4.4-cp311-cp311-manylinux_2_27_x86_64.manylinux_2_28_x86_64.whl.metadata (6.6 kB)
Collecting pillow!=8.3.*,>=5.3.0 (from torchvision)
  Downloading pillow-12.2.0-cp311-cp311-manylinux_2_27_x86_64.manylinux_2_28_x86_64.whl.metadata (8.8 kB)
Collecting mpmath<1.4,>=1.1.0 (from sympy>=1.13.3->torch)
  Downloading mpmath-1.3.0-py3-none-any.whl.metadata (8.6 kB)
Collecting MarkupSafe>=2.0 (from jinja2->torch)
  Downloading markupsafe-3.0.3-cp311-cp311-manylinux2014_x86_64.manylinux_2_17_x86_64.manylinux_2_28_x86_64.whl.metadata (2.7 kB)
Downloading torch-2.7.1%2Bcu118-cp311-cp311-manylinux_2_28_x86_64.whl (905.3 MB)
   ━━━━━━━━━━━━━━━━━━━━━━━━━━━━━━━━━━━━━━━━ 905.3/905.3 MB 90.7 MB/s  0:00:09
Downloading triton-3.3.1-cp311-cp311-manylinux_2_27_x86_64.manylinux_2_28_x86_64.whl (155.7 MB)
   ━━━━━━━━━━━━━━━━━━━━━━━━━━━━━━━━━━━━━━━━ 155.7/155.7 MB 90.4 MB/s  0:00:01
Downloading torchvision-0.22.1%2Bcu118-cp311-cp311-manylinux_2_28_x86_64.whl (6.7 MB)
   ━━━━━━━━━━━━━━━━━━━━━━━━━━━━━━━━━━━━━━━━ 6.7/6.7 MB 114.0 MB/s  0:00:00
Downloading torchaudio-2.7.1%2Bcu118-cp311-cp311-manylinux_2_28_x86_64.whl (3.3 MB)
   ━━━━━━━━━━━━━━━━━━━━━━━━━━━━━━━━━━━━━━━━ 3.3/3.3 MB 140.4 MB/s  0:00:00
Downloading pillow-12.2.0-cp311-cp311-manylinux_2_27_x86_64.manylinux_2_28_x86_64.whl (7.1 MB)
   ━━━━━━━━━━━━━━━━━━━━━━━━━━━━━━━━━━━━━━━━ 7.1/7.1 MB 7.1 MB/s  0:00:00
Downloading sympy-1.14.0-py3-none-any.whl (6.3 MB)
   ━━━━━━━━━━━━━━━━━━━━━━━━━━━━━━━━━━━━━━━━ 6.3/6.3 MB 2.9 MB/s  0:00:02
Downloading mpmath-1.3.0-py3-none-any.whl (536 kB)
   ━━━━━━━━━━━━━━━━━━━━━━━━━━━━━━━━━━━━━━━━ 536.2/536.2 kB 2.8 MB/s  0:00:00
Downloading typing_extensions-4.15.0-py3-none-any.whl (44 kB)
Downloading filelock-3.29.0-py3-none-any.whl (39 kB)
Downloading fsspec-2026.4.0-py3-none-any.whl (203 kB)
Downloading jinja2-3.1.6-py3-none-any.whl (134 kB)
Downloading markupsafe-3.0.3-cp311-cp311-manylinux2014_x86_64.manylinux_2_17_x86_64.manylinux_2_28_x86_64.whl (22 kB)
Downloading networkx-3.6.1-py3-none-any.whl (2.1 MB)
   ━━━━━━━━━━━━━━━━━━━━━━━━━━━━━━━━━━━━━━━━ 2.1/2.1 MB 2.9 MB/s  0:00:00
Downloading numpy-2.4.4-cp311-cp311-manylinux_2_27_x86_64.manylinux_2_28_x86_64.whl (16.9 MB)
   ━━━━━━━━━━━━━━━━━━━━━━━━━━━━━━━━━━━━━━━━ 16.9/16.9 MB 2.3 MB/s  0:00:07
Installing collected packages: mpmath, typing-extensions, triton, sympy, pillow, nvidia-nvtx-cu11, nvidia-nccl-cu11, nvidia-cusparse-cu11, nvidia-curand-cu11, nvidia-cufft-cu11, nvidia-cuda-runtime-cu11, nvidia-cuda-nvrtc-cu11, nvidia-cuda-cupti-cu11, nvidia-cublas-cu11, numpy, networkx, MarkupSafe, fsspec, filelock, nvidia-cusolver-cu11, nvidia-cudnn-cu11, jinja2, torch, torchvision, torchaudio

Successfully installed MarkupSafe-3.0.3 filelock-3.29.0 fsspec-2026.4.0 jinja2-3.1.6 mpmath-1.3.0 networkx-3.6.1 numpy-2.4.4 nvidia-cublas-cu11-11.11.3.6 nvidia-cuda-cupti-cu11-11.8.87 nvidia-cuda-nvrtc-cu11-11.8.89 nvidia-cuda-runtime-cu11-11.8.89 nvidia-cudnn-cu11-9.1.0.70 nvidia-cufft-cu11-10.9.0.58 nvidia-curand-cu11-10.3.0.86 nvidia-cusolver-cu11-11.4.1.48 nvidia-cusparse-cu11-11.7.5.86 nvidia-nccl-cu11-2.21.5 nvidia-nvtx-cu11-11.8.86 pillow-12.2.0 sympy-1.14.0 torch-2.7.1+cu118 torchaudio-2.7.1+cu118 torchvision-0.22.1+cu118 triton-3.3.1 typing-extensions-4.15.0
WARNING: Running pip as the 'root' user can result in broken permissions and conflicting behaviour with the system package manager, possibly rendering your system unusable. It is recommended to use a virtual environment instead: https://pip.pypa.io/warnings/venv. Use the --root-user-action option if you know what you are doing and want to suppress this warning.

[09:31:55] Installing core project requirements with pip

[09:31:55] Protecting installed PyTorch packages while resolving project requirements
torch==2.7.1+cu118
torchvision==0.22.1+cu118
torchaudio==2.7.1+cu118

[09:31:55] Installing core requirements first; accelerate is installed after the TensorFlow/PyTorch typing-extensions handoff

[09:31:55] Using Linux GPU dependency constraints: linux-gpu/constraints-a6000.txt
Looking in indexes: https://pypi.org/simple, https://download.pytorch.org/whl/cu118
Collecting diffusers @ git+https://github.com/huggingface/diffusers.git (from -r /tmp/tmp.jr7Pu7EGHB (line 6))
  Cloning https://github.com/huggingface/diffusers.git to /tmp/pip-install-66tatv9e/diffusers_a936cbf0d11b4490becfd05d41613a30
  Running command git clone --filter=blob:none --quiet https://github.com/huggingface/diffusers.git /tmp/pip-install-66tatv9e/diffusers_a936cbf0d11b4490becfd05d41613a30
  Resolved https://github.com/huggingface/diffusers.git to commit f7f1f6304d90215122e43544e36f4f894ec66d4c
  Installing build dependencies: started
  Installing build dependencies: finished with status 'done'
  Getting requirements to build wheel: started
  Getting requirements to build wheel: finished with status 'done'
  Preparing metadata (pyproject.toml): started
  Preparing metadata (pyproject.toml): finished with status 'done'
Collecting numpy<=1.24.3,>=1.22 (from -r /tmp/tmp.jr7Pu7EGHB (line 1))
  Downloading numpy-1.24.3-cp311-cp311-manylinux_2_17_x86_64.manylinux2014_x86_64.whl.metadata (5.6 kB)
Requirement already satisfied: pillow>=10.0 in ./.venv-linux-gpu/lib/python3.11/site-packages (from -r /tmp/tmp.jr7Pu7EGHB (line 2)) (12.2.0)
Collecting scipy>=1.10 (from -r /tmp/tmp.jr7Pu7EGHB (line 3))
  Downloading scipy-1.10.1-cp311-cp311-manylinux_2_17_x86_64.manylinux2014_x86_64.whl.metadata (58 kB)
Collecting opencv-python<4.9,>=4.8 (from -r /tmp/tmp.jr7Pu7EGHB (line 4))
  Downloading opencv_python-4.8.1.78-cp37-abi3-manylinux_2_17_x86_64.manylinux2014_x86_64.whl.metadata (19 kB)
Collecting opencv-python-headless<4.9,>=4.8 (from -r /tmp/tmp.jr7Pu7EGHB (line 5))
  Downloading opencv_python_headless-4.8.1.78-cp37-abi3-manylinux_2_17_x86_64.manylinux2014_x86_64.whl.metadata (19 kB)
Collecting transformers>=4.41 (from -r /tmp/tmp.jr7Pu7EGHB (line 7))
  Downloading transformers-4.57.6-py3-none-any.whl.metadata (43 kB)
Collecting safetensors>=0.4 (from -r /tmp/tmp.jr7Pu7EGHB (line 8))
  Downloading safetensors-0.8.0-cp310-abi3-manylinux_2_17_x86_64.manylinux2014_x86_64.whl.metadata (4.2 kB)
Collecting requests>=2.32 (from -r /tmp/tmp.jr7Pu7EGHB (line 9))
  Downloading requests-2.34.2-py3-none-any.whl.metadata (4.8 kB)
Collecting deepface>=0.0.93 (from -r /tmp/tmp.jr7Pu7EGHB (line 10))
  Downloading deepface-0.0.100-py3-none-any.whl.metadata (33 kB)
Collecting tensorflow==2.12.1 (from -r /tmp/tmp.jr7Pu7EGHB (line 11))
  Downloading tensorflow-2.12.1-cp311-cp311-manylinux_2_17_x86_64.manylinux2014_x86_64.whl.metadata (3.4 kB)
Collecting keras==2.12.0 (from -r /tmp/tmp.jr7Pu7EGHB (line 12))
  Downloading keras-2.12.0-py2.py3-none-any.whl.metadata (1.4 kB)
Collecting albumentations==1.3.1 (from -r /tmp/tmp.jr7Pu7EGHB (line 13))
  Downloading albumentations-1.3.1-py3-none-any.whl.metadata (34 kB)
Collecting importlib_metadata (from diffusers @ git+https://github.com/huggingface/diffusers.git->-r /tmp/tmp.jr7Pu7EGHB (line 6))
  Downloading importlib_metadata-9.0.0-py3-none-any.whl.metadata (4.5 kB)
Requirement already satisfied: filelock in ./.venv-linux-gpu/lib/python3.11/site-packages (from diffusers @ git+https://github.com/huggingface/diffusers.git->-r /tmp/tmp.jr7Pu7EGHB (line 6)) (3.29.0)
Collecting httpx<1.0.0 (from diffusers @ git+https://github.com/huggingface/diffusers.git->-r /tmp/tmp.jr7Pu7EGHB (line 6))
  Downloading httpx-0.28.1-py3-none-any.whl.metadata (7.1 kB)
Collecting huggingface-hub<2.0,>=0.34.0 (from diffusers @ git+https://github.com/huggingface/diffusers.git->-r /tmp/tmp.jr7Pu7EGHB (line 6))
  Downloading huggingface_hub-0.36.2-py3-none-any.whl.metadata (15 kB)
Collecting regex!=2019.12.17 (from diffusers @ git+https://github.com/huggingface/diffusers.git->-r /tmp/tmp.jr7Pu7EGHB (line 6))
  Downloading regex-2026.5.9-cp311-cp311-manylinux2014_x86_64.manylinux_2_17_x86_64.manylinux_2_28_x86_64.whl.metadata (40 kB)
Collecting absl-py>=1.0.0 (from tensorflow==2.12.1->-r /tmp/tmp.jr7Pu7EGHB (line 11))
  Downloading absl_py-2.4.0-py3-none-any.whl.metadata (3.3 kB)
Collecting astunparse>=1.6.0 (from tensorflow==2.12.1->-r /tmp/tmp.jr7Pu7EGHB (line 11))
  Downloading astunparse-1.6.3-py2.py3-none-any.whl.metadata (4.4 kB)
Collecting flatbuffers>=2.0 (from tensorflow==2.12.1->-r /tmp/tmp.jr7Pu7EGHB (line 11))
  Downloading flatbuffers-25.12.19-py2.py3-none-any.whl.metadata (1.0 kB)
Collecting gast<=0.4.0,>=0.2.1 (from tensorflow==2.12.1->-r /tmp/tmp.jr7Pu7EGHB (line 11))
  Downloading gast-0.4.0-py3-none-any.whl.metadata (1.1 kB)
Collecting google-pasta>=0.1.1 (from tensorflow==2.12.1->-r /tmp/tmp.jr7Pu7EGHB (line 11))
  Downloading google_pasta-0.2.0-py3-none-any.whl.metadata (814 bytes)
Collecting grpcio<2.0,>=1.24.3 (from tensorflow==2.12.1->-r /tmp/tmp.jr7Pu7EGHB (line 11))
  Downloading grpcio-1.74.0-cp311-cp311-manylinux_2_17_x86_64.manylinux2014_x86_64.whl.metadata (3.8 kB)
Collecting h5py>=2.9.0 (from tensorflow==2.12.1->-r /tmp/tmp.jr7Pu7EGHB (line 11))
  Downloading h5py-3.16.0-cp311-cp311-manylinux_2_28_x86_64.whl.metadata (3.0 kB)
Collecting jax>=0.3.15 (from tensorflow==2.12.1->-r /tmp/tmp.jr7Pu7EGHB (line 11))
  Downloading jax-0.4.38-py3-none-any.whl.metadata (22 kB)
Collecting libclang>=13.0.0 (from tensorflow==2.12.1->-r /tmp/tmp.jr7Pu7EGHB (line 11))
  Downloading libclang-18.1.1-py2.py3-none-manylinux2010_x86_64.whl.metadata (5.2 kB)
Collecting opt-einsum>=2.3.2 (from tensorflow==2.12.1->-r /tmp/tmp.jr7Pu7EGHB (line 11))
  Downloading opt_einsum-3.4.0-py3-none-any.whl.metadata (6.3 kB)
Requirement already satisfied: packaging in ./.venv-linux-gpu/lib/python3.11/site-packages (from tensorflow==2.12.1->-r /tmp/tmp.jr7Pu7EGHB (line 11)) (26.2)
Collecting protobuf!=4.21.0,!=4.21.1,!=4.21.2,!=4.21.3,!=4.21.4,!=4.21.5,<5.0.0dev,>=3.20.3 (from tensorflow==2.12.1->-r /tmp/tmp.jr7Pu7EGHB (line 11))
  Downloading protobuf-4.25.8-cp37-abi3-manylinux2014_x86_64.whl.metadata (541 bytes)
Requirement already satisfied: setuptools in ./.venv-linux-gpu/lib/python3.11/site-packages (from tensorflow==2.12.1->-r /tmp/tmp.jr7Pu7EGHB (line 11)) (82.0.1)
Collecting six>=1.12.0 (from tensorflow==2.12.1->-r /tmp/tmp.jr7Pu7EGHB (line 11))
  Downloading six-1.17.0-py2.py3-none-any.whl.metadata (1.7 kB)
Collecting tensorboard<2.13,>=2.12 (from tensorflow==2.12.1->-r /tmp/tmp.jr7Pu7EGHB (line 11))
  Downloading tensorboard-2.12.3-py3-none-any.whl.metadata (1.8 kB)
Collecting tensorflow-estimator<2.13,>=2.12.0 (from tensorflow==2.12.1->-r /tmp/tmp.jr7Pu7EGHB (line 11))
  Downloading tensorflow_estimator-2.12.0-py2.py3-none-any.whl.metadata (1.3 kB)
Collecting termcolor>=1.1.0 (from tensorflow==2.12.1->-r /tmp/tmp.jr7Pu7EGHB (line 11))
  Downloading termcolor-3.3.0-py3-none-any.whl.metadata (6.5 kB)
Collecting typing-extensions<4.6.0,>=3.6.6 (from tensorflow==2.12.1->-r /tmp/tmp.jr7Pu7EGHB (line 11))
  Downloading typing_extensions-4.5.0-py3-none-any.whl.metadata (8.5 kB)
Collecting wrapt<1.15,>=1.11.0 (from tensorflow==2.12.1->-r /tmp/tmp.jr7Pu7EGHB (line 11))
  Downloading wrapt-1.14.2-cp311-cp311-manylinux1_x86_64.manylinux_2_28_x86_64.manylinux_2_5_x86_64.whl.metadata (6.5 kB)
Collecting tensorflow-io-gcs-filesystem>=0.23.1 (from tensorflow==2.12.1->-r /tmp/tmp.jr7Pu7EGHB (line 11))
  Downloading tensorflow_io_gcs_filesystem-0.37.1-cp311-cp311-manylinux_2_17_x86_64.manylinux2014_x86_64.whl.metadata (14 kB)
Collecting scikit-image>=0.16.1 (from albumentations==1.3.1->-r /tmp/tmp.jr7Pu7EGHB (line 13))
  Downloading scikit_image-0.21.0-cp311-cp311-manylinux_2_17_x86_64.manylinux2014_x86_64.whl.metadata (14 kB)
Collecting PyYAML (from albumentations==1.3.1->-r /tmp/tmp.jr7Pu7EGHB (line 13))
  Downloading pyyaml-6.0.3-cp311-cp311-manylinux2014_x86_64.manylinux_2_17_x86_64.manylinux_2_28_x86_64.whl.metadata (2.4 kB)
Collecting qudida>=0.0.4 (from albumentations==1.3.1->-r /tmp/tmp.jr7Pu7EGHB (line 13))
  Downloading qudida-0.0.4-py3-none-any.whl.metadata (1.5 kB)
Collecting anyio (from httpx<1.0.0->diffusers @ git+https://github.com/huggingface/diffusers.git->-r /tmp/tmp.jr7Pu7EGHB (line 6))
  Downloading anyio-4.13.0-py3-none-any.whl.metadata (4.5 kB)
Collecting certifi (from httpx<1.0.0->diffusers @ git+https://github.com/huggingface/diffusers.git->-r /tmp/tmp.jr7Pu7EGHB (line 6))
  Downloading certifi-2026.5.20-py3-none-any.whl.metadata (2.5 kB)
Collecting httpcore==1.* (from httpx<1.0.0->diffusers @ git+https://github.com/huggingface/diffusers.git->-r /tmp/tmp.jr7Pu7EGHB (line 6))
  Downloading httpcore-1.0.9-py3-none-any.whl.metadata (21 kB)
Collecting idna (from httpx<1.0.0->diffusers @ git+https://github.com/huggingface/diffusers.git->-r /tmp/tmp.jr7Pu7EGHB (line 6))
  Downloading idna-3.18-py3-none-any.whl.metadata (6.1 kB)
Collecting h11>=0.16 (from httpcore==1.*->httpx<1.0.0->diffusers @ git+https://github.com/huggingface/diffusers.git->-r /tmp/tmp.jr7Pu7EGHB (line 6))
  Downloading h11-0.16.0-py3-none-any.whl.metadata (8.3 kB)
Requirement already satisfied: fsspec>=2023.5.0 in ./.venv-linux-gpu/lib/python3.11/site-packages (from huggingface-hub<2.0,>=0.34.0->diffusers @ git+https://github.com/huggingface/diffusers.git->-r /tmp/tmp.jr7Pu7EGHB (line 6)) (2026.4.0)
Collecting hf-xet<2.0.0,>=1.1.3 (from huggingface-hub<2.0,>=0.34.0->diffusers @ git+https://github.com/huggingface/diffusers.git->-r /tmp/tmp.jr7Pu7EGHB (line 6))
  Downloading hf_xet-1.5.1-cp37-abi3-manylinux2014_x86_64.manylinux_2_17_x86_64.whl.metadata (4.9 kB)
Collecting tqdm>=4.42.1 (from huggingface-hub<2.0,>=0.34.0->diffusers @ git+https://github.com/huggingface/diffusers.git->-r /tmp/tmp.jr7Pu7EGHB (line 6))
  Downloading tqdm-4.68.2-py3-none-any.whl.metadata (58 kB)
Collecting google-auth<3,>=1.6.3 (from tensorboard<2.13,>=2.12->tensorflow==2.12.1->-r /tmp/tmp.jr7Pu7EGHB (line 11))
  Downloading google_auth-2.53.0-py3-none-any.whl.metadata (5.5 kB)
Collecting google-auth-oauthlib<1.1,>=0.5 (from tensorboard<2.13,>=2.12->tensorflow==2.12.1->-r /tmp/tmp.jr7Pu7EGHB (line 11))
  Downloading google_auth_oauthlib-1.0.0-py2.py3-none-any.whl.metadata (2.7 kB)
Collecting markdown>=2.6.8 (from tensorboard<2.13,>=2.12->tensorflow==2.12.1->-r /tmp/tmp.jr7Pu7EGHB (line 11))
  Downloading markdown-3.10.2-py3-none-any.whl.metadata (5.1 kB)
Collecting tensorboard-data-server<0.8.0,>=0.7.0 (from tensorboard<2.13,>=2.12->tensorflow==2.12.1->-r /tmp/tmp.jr7Pu7EGHB (line 11))
  Downloading tensorboard_data_server-0.7.2-py3-none-manylinux_2_31_x86_64.whl.metadata (1.1 kB)
Collecting werkzeug>=1.0.1 (from tensorboard<2.13,>=2.12->tensorflow==2.12.1->-r /tmp/tmp.jr7Pu7EGHB (line 11))
  Downloading werkzeug-3.1.8-py3-none-any.whl.metadata (4.0 kB)
Requirement already satisfied: wheel>=0.26 in ./.venv-linux-gpu/lib/python3.11/site-packages (from tensorboard<2.13,>=2.12->tensorflow==2.12.1->-r /tmp/tmp.jr7Pu7EGHB (line 11)) (0.47.0)
Collecting charset_normalizer<4,>=2 (from requests>=2.32->-r /tmp/tmp.jr7Pu7EGHB (line 9))
  Downloading charset_normalizer-3.4.7-cp311-cp311-manylinux2014_x86_64.manylinux_2_17_x86_64.manylinux_2_28_x86_64.whl.metadata (40 kB)
Collecting urllib3<3,>=1.26 (from requests>=2.32->-r /tmp/tmp.jr7Pu7EGHB (line 9))
  Downloading urllib3-2.7.0-py3-none-any.whl.metadata (6.9 kB)
Collecting pyasn1-modules>=0.2.1 (from google-auth<3,>=1.6.3->tensorboard<2.13,>=2.12->tensorflow==2.12.1->-r /tmp/tmp.jr7Pu7EGHB (line 11))
  Downloading pyasn1_modules-0.4.2-py3-none-any.whl.metadata (3.5 kB)
Collecting cryptography>=38.0.3 (from google-auth<3,>=1.6.3->tensorboard<2.13,>=2.12->tensorflow==2.12.1->-r /tmp/tmp.jr7Pu7EGHB (line 11))
  Downloading cryptography-48.0.1-cp311-abi3-manylinux_2_34_x86_64.whl.metadata (4.3 kB)
Collecting requests-oauthlib>=0.7.0 (from google-auth-oauthlib<1.1,>=0.5->tensorboard<2.13,>=2.12->tensorflow==2.12.1->-r /tmp/tmp.jr7Pu7EGHB (line 11))
  Downloading requests_oauthlib-2.0.0-py2.py3-none-any.whl.metadata (11 kB)
Collecting tokenizers<=0.23.0,>=0.22.0 (from transformers>=4.41->-r /tmp/tmp.jr7Pu7EGHB (line 7))
  Downloading tokenizers-0.22.1-cp39-abi3-manylinux_2_17_x86_64.manylinux2014_x86_64.whl.metadata (6.8 kB)
Collecting pandas>=0.23.4 (from deepface>=0.0.93->-r /tmp/tmp.jr7Pu7EGHB (line 10))
  Downloading pandas-2.3.3-cp311-cp311-manylinux_2_24_x86_64.manylinux_2_28_x86_64.whl.metadata (91 kB)
Collecting gdown>=3.10.1 (from deepface>=0.0.93->-r /tmp/tmp.jr7Pu7EGHB (line 10))
  Downloading gdown-5.2.2-py3-none-any.whl.metadata (5.8 kB)
Collecting Flask>=1.1.2 (from deepface>=0.0.93->-r /tmp/tmp.jr7Pu7EGHB (line 10))
  Downloading flask-3.1.3-py3-none-any.whl.metadata (3.2 kB)
Collecting flask-cors>=4.0.1 (from deepface>=0.0.93->-r /tmp/tmp.jr7Pu7EGHB (line 10))
  Downloading flask_cors-6.0.5-py3-none-any.whl.metadata (5.4 kB)
Collecting mtcnn>=0.1.0 (from deepface>=0.0.93->-r /tmp/tmp.jr7Pu7EGHB (line 10))
  Downloading mtcnn-1.0.0-py3-none-any.whl.metadata (5.8 kB)
Collecting retina-face>=0.0.14 (from deepface>=0.0.93->-r /tmp/tmp.jr7Pu7EGHB (line 10))
  Downloading retina_face-0.0.18-py3-none-any.whl.metadata (8.7 kB)
Collecting fire>=0.4.0 (from deepface>=0.0.93->-r /tmp/tmp.jr7Pu7EGHB (line 10))
  Downloading fire-0.7.1-py3-none-any.whl.metadata (5.8 kB)
Collecting gunicorn>=20.1.0 (from deepface>=0.0.93->-r /tmp/tmp.jr7Pu7EGHB (line 10))
  Downloading gunicorn-26.0.0-py3-none-any.whl.metadata (5.4 kB)
Collecting lightphe>=0.0.15 (from deepface>=0.0.93->-r /tmp/tmp.jr7Pu7EGHB (line 10))
  Downloading lightphe-0.0.25-py3-none-any.whl.metadata (14 kB)
Collecting lightdsa>=0.0.3 (from deepface>=0.0.93->-r /tmp/tmp.jr7Pu7EGHB (line 10))
  Downloading lightdsa-0.0.3-py3-none-any.whl.metadata (7.3 kB)
Collecting python-dotenv>=1.0.1 (from deepface>=0.0.93->-r /tmp/tmp.jr7Pu7EGHB (line 10))
  Downloading python_dotenv-1.2.2-py3-none-any.whl.metadata (27 kB)
Collecting cffi>=2.0.0 (from cryptography>=38.0.3->google-auth<3,>=1.6.3->tensorboard<2.13,>=2.12->tensorflow==2.12.1->-r /tmp/tmp.jr7Pu7EGHB (line 11))
  Downloading cffi-2.0.0-cp311-cp311-manylinux2014_x86_64.manylinux_2_17_x86_64.whl.metadata (2.6 kB)
Collecting pycparser (from cffi>=2.0.0->cryptography>=38.0.3->google-auth<3,>=1.6.3->tensorboard<2.13,>=2.12->tensorflow==2.12.1->-r /tmp/tmp.jr7Pu7EGHB (line 11))
  Downloading pycparser-3.0-py3-none-any.whl.metadata (8.2 kB)
Collecting blinker>=1.9.0 (from Flask>=1.1.2->deepface>=0.0.93->-r /tmp/tmp.jr7Pu7EGHB (line 10))
  Downloading blinker-1.9.0-py3-none-any.whl.metadata (1.6 kB)
Collecting click>=8.1.3 (from Flask>=1.1.2->deepface>=0.0.93->-r /tmp/tmp.jr7Pu7EGHB (line 10))
  Downloading click-8.4.1-py3-none-any.whl.metadata (2.6 kB)
Collecting itsdangerous>=2.2.0 (from Flask>=1.1.2->deepface>=0.0.93->-r /tmp/tmp.jr7Pu7EGHB (line 10))
  Downloading itsdangerous-2.2.0-py3-none-any.whl.metadata (1.9 kB)
Requirement already satisfied: jinja2>=3.1.2 in ./.venv-linux-gpu/lib/python3.11/site-packages (from Flask>=1.1.2->deepface>=0.0.93->-r /tmp/tmp.jr7Pu7EGHB (line 10)) (3.1.6)
Requirement already satisfied: markupsafe>=2.1.1 in ./.venv-linux-gpu/lib/python3.11/site-packages (from Flask>=1.1.2->deepface>=0.0.93->-r /tmp/tmp.jr7Pu7EGHB (line 10)) (3.0.3)
Collecting beautifulsoup4 (from gdown>=3.10.1->deepface>=0.0.93->-r /tmp/tmp.jr7Pu7EGHB (line 10))
  Downloading beautifulsoup4-4.15.0-py3-none-any.whl.metadata (3.8 kB)
Collecting jaxlib<=0.4.38,>=0.4.38 (from jax>=0.3.15->tensorflow==2.12.1->-r /tmp/tmp.jr7Pu7EGHB (line 11))
  Downloading jaxlib-0.4.38-cp311-cp311-manylinux2014_x86_64.whl.metadata (1.0 kB)
Collecting ml_dtypes>=0.4.0 (from jax>=0.3.15->tensorflow==2.12.1->-r /tmp/tmp.jr7Pu7EGHB (line 11))
  Downloading ml_dtypes-0.5.3-cp311-cp311-manylinux_2_27_x86_64.manylinux_2_28_x86_64.whl.metadata (8.9 kB)
Collecting lightecc (from lightdsa>=0.0.3->deepface>=0.0.93->-r /tmp/tmp.jr7Pu7EGHB (line 10))
  Downloading lightecc-0.0.7-py3-none-any.whl.metadata (13 kB)
Requirement already satisfied: sympy in ./.venv-linux-gpu/lib/python3.11/site-packages (from lightdsa>=0.0.3->deepface>=0.0.93->-r /tmp/tmp.jr7Pu7EGHB (line 10)) (1.14.0)
Collecting joblib>=1.4.2 (from mtcnn>=0.1.0->deepface>=0.0.93->-r /tmp/tmp.jr7Pu7EGHB (line 10))
  Downloading joblib-1.5.3-py3-none-any.whl.metadata (5.5 kB)
Collecting lz4>=4.3.3 (from mtcnn>=0.1.0->deepface>=0.0.93->-r /tmp/tmp.jr7Pu7EGHB (line 10))
  Downloading lz4-4.4.5-cp311-cp311-manylinux2014_x86_64.manylinux_2_17_x86_64.manylinux_2_28_x86_64.whl.metadata (3.8 kB)
Collecting python-dateutil>=2.8.2 (from pandas>=0.23.4->deepface>=0.0.93->-r /tmp/tmp.jr7Pu7EGHB (line 10))
  Downloading python_dateutil-2.9.0.post0-py2.py3-none-any.whl.metadata (8.4 kB)
Collecting pytz>=2020.1 (from pandas>=0.23.4->deepface>=0.0.93->-r /tmp/tmp.jr7Pu7EGHB (line 10))
  Downloading pytz-2026.2-py2.py3-none-any.whl.metadata (22 kB)
Collecting tzdata>=2022.7 (from pandas>=0.23.4->deepface>=0.0.93->-r /tmp/tmp.jr7Pu7EGHB (line 10))
  Downloading tzdata-2026.2-py2.py3-none-any.whl.metadata (1.4 kB)
Collecting pyasn1<0.7.0,>=0.6.1 (from pyasn1-modules>=0.2.1->google-auth<3,>=1.6.3->tensorboard<2.13,>=2.12->tensorflow==2.12.1->-r /tmp/tmp.jr7Pu7EGHB (line 11))
  Downloading pyasn1-0.6.3-py3-none-any.whl.metadata (8.4 kB)
Collecting scikit-learn>=0.19.1 (from qudida>=0.0.4->albumentations==1.3.1->-r /tmp/tmp.jr7Pu7EGHB (line 13))
  Downloading scikit_learn-1.3.2-cp311-cp311-manylinux_2_17_x86_64.manylinux2014_x86_64.whl.metadata (11 kB)
Collecting oauthlib>=3.0.0 (from requests-oauthlib>=0.7.0->google-auth-oauthlib<1.1,>=0.5->tensorboard<2.13,>=2.12->tensorflow==2.12.1->-r /tmp/tmp.jr7Pu7EGHB (line 11))
  Downloading oauthlib-3.3.1-py3-none-any.whl.metadata (7.9 kB)
Requirement already satisfied: networkx>=2.8 in ./.venv-linux-gpu/lib/python3.11/site-packages (from scikit-image>=0.16.1->albumentations==1.3.1->-r /tmp/tmp.jr7Pu7EGHB (line 13)) (3.6.1)
Collecting imageio>=2.27 (from scikit-image>=0.16.1->albumentations==1.3.1->-r /tmp/tmp.jr7Pu7EGHB (line 13))
  Downloading imageio-2.37.3-py3-none-any.whl.metadata (9.7 kB)
Collecting tifffile>=2022.8.12 (from scikit-image>=0.16.1->albumentations==1.3.1->-r /tmp/tmp.jr7Pu7EGHB (line 13))
  Downloading tifffile-2026.3.3-py3-none-any.whl.metadata (31 kB)
Collecting PyWavelets>=1.1.1 (from scikit-image>=0.16.1->albumentations==1.3.1->-r /tmp/tmp.jr7Pu7EGHB (line 13))
  Downloading pywavelets-1.8.0-cp311-cp311-manylinux_2_17_x86_64.manylinux2014_x86_64.whl.metadata (9.0 kB)
Collecting lazy_loader>=0.2 (from scikit-image>=0.16.1->albumentations==1.3.1->-r /tmp/tmp.jr7Pu7EGHB (line 13))
  Downloading lazy_loader-0.5-py3-none-any.whl.metadata (5.9 kB)
Collecting threadpoolctl>=2.0.0 (from scikit-learn>=0.19.1->qudida>=0.0.4->albumentations==1.3.1->-r /tmp/tmp.jr7Pu7EGHB (line 13))
  Downloading threadpoolctl-3.6.0-py3-none-any.whl.metadata (13 kB)
Requirement already satisfied: mpmath<1.4,>=1.1.0 in ./.venv-linux-gpu/lib/python3.11/site-packages (from sympy->lightdsa>=0.0.3->deepface>=0.0.93->-r /tmp/tmp.jr7Pu7EGHB (line 10)) (1.3.0)
Collecting soupsieve>=1.6.1 (from beautifulsoup4->gdown>=3.10.1->deepface>=0.0.93->-r /tmp/tmp.jr7Pu7EGHB (line 10))
  Downloading soupsieve-2.8.4-py3-none-any.whl.metadata (4.6 kB)
Collecting zipp>=3.20 (from importlib_metadata->diffusers @ git+https://github.com/huggingface/diffusers.git->-r /tmp/tmp.jr7Pu7EGHB (line 6))
  Downloading zipp-4.1.0-py3-none-any.whl.metadata (3.6 kB)
Collecting PySocks!=1.5.7,>=1.5.6 (from requests[socks]->gdown>=3.10.1->deepface>=0.0.93->-r /tmp/tmp.jr7Pu7EGHB (line 10))
  Downloading PySocks-1.7.1-py3-none-any.whl.metadata (13 kB)
Downloading tensorflow-2.12.1-cp311-cp311-manylinux_2_17_x86_64.manylinux2014_x86_64.whl (585.9 MB)
   ━━━━━━━━━━━━━━━━━━━━━━━━━━━━━━━━━━━━━━━━ 585.9/585.9 MB 2.8 MB/s  0:03:34
Downloading keras-2.12.0-py2.py3-none-any.whl (1.7 MB)
   ━━━━━━━━━━━━━━━━━━━━━━━━━━━━━━━━━━━━━━━━ 1.7/1.7 MB 23.7 MB/s  0:00:00
Downloading albumentations-1.3.1-py3-none-any.whl (125 kB)
Downloading numpy-1.24.3-cp311-cp311-manylinux_2_17_x86_64.manylinux2014_x86_64.whl (17.3 MB)
   ━━━━━━━━━━━━━━━━━━━━━━━━━━━━━━━━━━━━━━━━ 17.3/17.3 MB 25.4 MB/s  0:00:00
Downloading opencv_python-4.8.1.78-cp37-abi3-manylinux_2_17_x86_64.manylinux2014_x86_64.whl (61.7 MB)
   ━━━━━━━━━━━━━━━━━━━━━━━━━━━━━━━━━━━━━━━━ 61.7/61.7 MB 28.6 MB/s  0:00:02
Downloading opencv_python_headless-4.8.1.78-cp37-abi3-manylinux_2_17_x86_64.manylinux2014_x86_64.whl (49.1 MB)
   ━━━━━━━━━━━━━━━━━━━━━━━━━━━━━━━━━━━━━━━━ 49.1/49.1 MB 31.6 MB/s  0:00:01
Downloading gast-0.4.0-py3-none-any.whl (9.8 kB)
Downloading grpcio-1.74.0-cp311-cp311-manylinux_2_17_x86_64.manylinux2014_x86_64.whl (6.2 MB)
   ━━━━━━━━━━━━━━━━━━━━━━━━━━━━━━━━━━━━━━━━ 6.2/6.2 MB 18.4 MB/s  0:00:00
Downloading httpx-0.28.1-py3-none-any.whl (73 kB)
Downloading httpcore-1.0.9-py3-none-any.whl (78 kB)
Downloading huggingface_hub-0.36.2-py3-none-any.whl (566 kB)
   ━━━━━━━━━━━━━━━━━━━━━━━━━━━━━━━━━━━━━━━━ 566.4/566.4 kB 42.1 MB/s  0:00:00
Downloading hf_xet-1.5.1-cp37-abi3-manylinux2014_x86_64.manylinux_2_17_x86_64.whl (4.5 MB)
   ━━━━━━━━━━━━━━━━━━━━━━━━━━━━━━━━━━━━━━━━ 4.5/4.5 MB 33.0 MB/s  0:00:00
Downloading protobuf-4.25.8-cp37-abi3-manylinux2014_x86_64.whl (294 kB)
Downloading tensorboard-2.12.3-py3-none-any.whl (5.6 MB)
   ━━━━━━━━━━━━━━━━━━━━━━━━━━━━━━━━━━━━━━━━ 5.6/5.6 MB 34.3 MB/s  0:00:00
Downloading requests-2.34.2-py3-none-any.whl (73 kB)
Downloading charset_normalizer-3.4.7-cp311-cp311-manylinux2014_x86_64.manylinux_2_17_x86_64.manylinux_2_28_x86_64.whl (214 kB)
Downloading google_auth-2.53.0-py3-none-any.whl (246 kB)
Downloading google_auth_oauthlib-1.0.0-py2.py3-none-any.whl (18 kB)
Downloading idna-3.18-py3-none-any.whl (65 kB)
Downloading tensorboard_data_server-0.7.2-py3-none-manylinux_2_31_x86_64.whl (6.6 MB)
   ━━━━━━━━━━━━━━━━━━━━━━━━━━━━━━━━━━━━━━━━ 6.6/6.6 MB 33.3 MB/s  0:00:00
Downloading tensorflow_estimator-2.12.0-py2.py3-none-any.whl (440 kB)
Downloading typing_extensions-4.5.0-py3-none-any.whl (27 kB)
Downloading urllib3-2.7.0-py3-none-any.whl (131 kB)
Downloading wrapt-1.14.2-cp311-cp311-manylinux1_x86_64.manylinux_2_28_x86_64.manylinux_2_5_x86_64.whl (77 kB)
Downloading scipy-1.10.1-cp311-cp311-manylinux_2_17_x86_64.manylinux2014_x86_64.whl (34.1 MB)
   ━━━━━━━━━━━━━━━━━━━━━━━━━━━━━━━━━━━━━━━━ 34.1/34.1 MB 33.2 MB/s  0:00:01
Downloading transformers-4.57.6-py3-none-any.whl (12.0 MB)
   ━━━━━━━━━━━━━━━━━━━━━━━━━━━━━━━━━━━━━━━━ 12.0/12.0 MB 34.3 MB/s  0:00:00
Downloading tokenizers-0.22.1-cp39-abi3-manylinux_2_17_x86_64.manylinux2014_x86_64.whl (3.3 MB)
   ━━━━━━━━━━━━━━━━━━━━━━━━━━━━━━━━━━━━━━━━ 3.3/3.3 MB 35.8 MB/s  0:00:00
Downloading safetensors-0.8.0-cp310-abi3-manylinux_2_17_x86_64.manylinux2014_x86_64.whl (516 kB)
Downloading deepface-0.0.100-py3-none-any.whl (170 kB)
Downloading absl_py-2.4.0-py3-none-any.whl (135 kB)
Downloading astunparse-1.6.3-py2.py3-none-any.whl (12 kB)
Downloading six-1.17.0-py2.py3-none-any.whl (11 kB)
Downloading certifi-2026.5.20-py3-none-any.whl (134 kB)
Downloading cryptography-48.0.1-cp311-abi3-manylinux_2_34_x86_64.whl (4.7 MB)
   ━━━━━━━━━━━━━━━━━━━━━━━━━━━━━━━━━━━━━━━━ 4.7/4.7 MB 34.1 MB/s  0:00:00
Downloading cffi-2.0.0-cp311-cp311-manylinux2014_x86_64.manylinux_2_17_x86_64.whl (215 kB)
Downloading fire-0.7.1-py3-none-any.whl (115 kB)
Downloading flask-3.1.3-py3-none-any.whl (103 kB)
Downloading blinker-1.9.0-py3-none-any.whl (8.5 kB)
Downloading click-8.4.1-py3-none-any.whl (116 kB)
Downloading flask_cors-6.0.5-py3-none-any.whl (16 kB)
Downloading flatbuffers-25.12.19-py2.py3-none-any.whl (26 kB)
Downloading gdown-5.2.2-py3-none-any.whl (18 kB)
Downloading google_pasta-0.2.0-py3-none-any.whl (57 kB)
Downloading gunicorn-26.0.0-py3-none-any.whl (212 kB)
Downloading h11-0.16.0-py3-none-any.whl (37 kB)
Downloading h5py-3.16.0-cp311-cp311-manylinux_2_28_x86_64.whl (5.0 MB)
   ━━━━━━━━━━━━━━━━━━━━━━━━━━━━━━━━━━━━━━━━ 5.0/5.0 MB 34.3 MB/s  0:00:00
Downloading itsdangerous-2.2.0-py3-none-any.whl (16 kB)
Downloading jax-0.4.38-py3-none-any.whl (2.2 MB)
   ━━━━━━━━━━━━━━━━━━━━━━━━━━━━━━━━━━━━━━━━ 2.2/2.2 MB 34.1 MB/s  0:00:00
Downloading jaxlib-0.4.38-cp311-cp311-manylinux2014_x86_64.whl (101.8 MB)
   ━━━━━━━━━━━━━━━━━━━━━━━━━━━━━━━━━━━━━━━━ 101.8/101.8 MB 13.2 MB/s  0:00:07
Downloading libclang-18.1.1-py2.py3-none-manylinux2010_x86_64.whl (24.5 MB)
   ━━━━━━━━━━━━━━━━━━━━━━━━━━━━━━━━━━━━━━━━ 24.5/24.5 MB 34.8 MB/s  0:00:00
Downloading lightdsa-0.0.3-py3-none-any.whl (17 kB)
Downloading lightphe-0.0.25-py3-none-any.whl (70 kB)
Downloading lightecc-0.0.7-py3-none-any.whl (51 kB)
Downloading markdown-3.10.2-py3-none-any.whl (108 kB)
Downloading ml_dtypes-0.5.3-cp311-cp311-manylinux_2_27_x86_64.manylinux_2_28_x86_64.whl (4.9 MB)
   ━━━━━━━━━━━━━━━━━━━━━━━━━━━━━━━━━━━━━━━━ 4.9/4.9 MB 35.1 MB/s  0:00:00
Downloading mtcnn-1.0.0-py3-none-any.whl (1.9 MB)
   ━━━━━━━━━━━━━━━━━━━━━━━━━━━━━━━━━━━━━━━━ 1.9/1.9 MB 42.3 MB/s  0:00:00
Downloading joblib-1.5.3-py3-none-any.whl (309 kB)
Downloading lz4-4.4.5-cp311-cp311-manylinux2014_x86_64.manylinux_2_17_x86_64.manylinux_2_28_x86_64.whl (1.4 MB)
   ━━━━━━━━━━━━━━━━━━━━━━━━━━━━━━━━━━━━━━━━ 1.4/1.4 MB 41.1 MB/s  0:00:00
Downloading opt_einsum-3.4.0-py3-none-any.whl (71 kB)
Downloading pandas-2.3.3-cp311-cp311-manylinux_2_24_x86_64.manylinux_2_28_x86_64.whl (12.8 MB)
   ━━━━━━━━━━━━━━━━━━━━━━━━━━━━━━━━━━━━━━━━ 12.8/12.8 MB 34.5 MB/s  0:00:00
Downloading pyasn1_modules-0.4.2-py3-none-any.whl (181 kB)
Downloading pyasn1-0.6.3-py3-none-any.whl (83 kB)
Downloading python_dateutil-2.9.0.post0-py2.py3-none-any.whl (229 kB)
Downloading python_dotenv-1.2.2-py3-none-any.whl (22 kB)
Downloading pytz-2026.2-py2.py3-none-any.whl (510 kB)
Downloading pyyaml-6.0.3-cp311-cp311-manylinux2014_x86_64.manylinux_2_17_x86_64.manylinux_2_28_x86_64.whl (806 kB)
   ━━━━━━━━━━━━━━━━━━━━━━━━━━━━━━━━━━━━━━━━ 806.6/806.6 kB 44.7 MB/s  0:00:00
Downloading qudida-0.0.4-py3-none-any.whl (3.5 kB)
Downloading regex-2026.5.9-cp311-cp311-manylinux2014_x86_64.manylinux_2_17_x86_64.manylinux_2_28_x86_64.whl (799 kB)
   ━━━━━━━━━━━━━━━━━━━━━━━━━━━━━━━━━━━━━━━━ 799.8/799.8 kB 44.2 MB/s  0:00:00
Downloading requests_oauthlib-2.0.0-py2.py3-none-any.whl (24 kB)
Downloading oauthlib-3.3.1-py3-none-any.whl (160 kB)
Downloading retina_face-0.0.18-py3-none-any.whl (24 kB)
Downloading scikit_image-0.21.0-cp311-cp311-manylinux_2_17_x86_64.manylinux2014_x86_64.whl (13.7 MB)
   ━━━━━━━━━━━━━━━━━━━━━━━━━━━━━━━━━━━━━━━━ 13.7/13.7 MB 5.7 MB/s  0:00:02
Downloading imageio-2.37.3-py3-none-any.whl (317 kB)
Downloading lazy_loader-0.5-py3-none-any.whl (8.0 kB)
Downloading pywavelets-1.8.0-cp311-cp311-manylinux_2_17_x86_64.manylinux2014_x86_64.whl (4.5 MB)
   ━━━━━━━━━━━━━━━━━━━━━━━━━━━━━━━━━━━━━━━━ 4.5/4.5 MB 12.4 MB/s  0:00:00
Downloading scikit_learn-1.3.2-cp311-cp311-manylinux_2_17_x86_64.manylinux2014_x86_64.whl (10.9 MB)
   ━━━━━━━━━━━━━━━━━━━━━━━━━━━━━━━━━━━━━━━━ 10.9/10.9 MB 23.5 MB/s  0:00:00
Downloading tensorflow_io_gcs_filesystem-0.37.1-cp311-cp311-manylinux_2_17_x86_64.manylinux2014_x86_64.whl (5.1 MB)
   ━━━━━━━━━━━━━━━━━━━━━━━━━━━━━━━━━━━━━━━━ 5.1/5.1 MB 35.3 MB/s  0:00:00
Downloading termcolor-3.3.0-py3-none-any.whl (7.7 kB)
Downloading threadpoolctl-3.6.0-py3-none-any.whl (18 kB)
Downloading tifffile-2026.3.3-py3-none-any.whl (243 kB)
Downloading tqdm-4.68.2-py3-none-any.whl (78 kB)
Downloading tzdata-2026.2-py2.py3-none-any.whl (349 kB)
Downloading werkzeug-3.1.8-py3-none-any.whl (226 kB)
Downloading anyio-4.13.0-py3-none-any.whl (114 kB)
Downloading beautifulsoup4-4.15.0-py3-none-any.whl (109 kB)
Downloading soupsieve-2.8.4-py3-none-any.whl (37 kB)
Downloading importlib_metadata-9.0.0-py3-none-any.whl (27 kB)
Downloading zipp-4.1.0-py3-none-any.whl (10 kB)
Downloading pycparser-3.0-py3-none-any.whl (48 kB)
Downloading PySocks-1.7.1-py3-none-any.whl (16 kB)
Building wheels for collected packages: diffusers
  Building wheel for diffusers (pyproject.toml): started
  Building wheel for diffusers (pyproject.toml): finished with status 'done'
  Created wheel for diffusers: filename=diffusers-0.39.0.dev0-py3-none-any.whl size=5576501 sha256=261ba65b99655773986cc470020ea408a5c63ede08b55dd9d797e0fbaebbd70c
  Stored in directory: /tmp/pip-ephem-wheel-cache-4wqqxinn/wheels/d2/5c/5f/16639722ea17ecb73ab461b81718584bac08af2801619786b9
Successfully built diffusers
Installing collected packages: pytz, libclang, flatbuffers, zipp, wrapt, werkzeug, urllib3, tzdata, typing-extensions, tqdm, threadpoolctl, termcolor, tensorflow-io-gcs-filesystem, tensorflow-estimator, tensorboard-data-server, soupsieve, six, safetensors, regex, PyYAML, python-dotenv, PySocks, pycparser, pyasn1, protobuf, opt-einsum, oauthlib, numpy, markdown, lz4, lazy_loader, keras, joblib, itsdangerous, idna, hf-xet, h11, gunicorn, grpcio, gast, click, charset_normalizer, certifi, blinker, absl-py, tifffile, scipy, requests, PyWavelets, python-dateutil, pyasn1-modules, opencv-python-headless, opencv-python, mtcnn, ml_dtypes, lightecc, importlib_metadata, imageio, httpcore, h5py, google-pasta, Flask, fire, cffi, beautifulsoup4, astunparse, anyio, scikit-learn, scikit-image, requests-oauthlib, pandas, lightphe, lightdsa, jaxlib, huggingface-hub, httpx, flask-cors, cryptography, tokenizers, qudida, jax, google-auth, gdown, diffusers, transformers, google-auth-oauthlib, albumentations, tensorboard, tensorflow, retina-face, deepface
  Attempting uninstall: typing-extensions
    Found existing installation: typing_extensions 4.15.0
    Uninstalling typing_extensions-4.15.0:
      Successfully uninstalled typing_extensions-4.15.0
  Attempting uninstall: numpy
    Found existing installation: numpy 2.4.4
    Uninstalling numpy-2.4.4:
      Successfully uninstalled numpy-2.4.4

ERROR: pip's dependency resolver does not currently take into account all the packages that are installed. This behaviour is the source of the following dependency conflicts.
torch 2.7.1+cu118 requires typing-extensions>=4.10.0, but you have typing-extensions 4.5.0 which is incompatible.
Successfully installed Flask-3.1.3 PySocks-1.7.1 PyWavelets-1.8.0 PyYAML-6.0.3 absl-py-2.4.0 albumentations-1.3.1 anyio-4.13.0 astunparse-1.6.3 beautifulsoup4-4.15.0 blinker-1.9.0 certifi-2026.5.20 cffi-2.0.0 charset_normalizer-3.4.7 click-8.4.1 cryptography-48.0.1 deepface-0.0.100 diffusers-0.39.0.dev0 fire-0.7.1 flask-cors-6.0.5 flatbuffers-25.12.19 gast-0.4.0 gdown-5.2.2 google-auth-2.53.0 google-auth-oauthlib-1.0.0 google-pasta-0.2.0 grpcio-1.74.0 gunicorn-26.0.0 h11-0.16.0 h5py-3.16.0 hf-xet-1.5.1 httpcore-1.0.9 httpx-0.28.1 huggingface-hub-0.36.2 idna-3.18 imageio-2.37.3 importlib_metadata-9.0.0 itsdangerous-2.2.0 jax-0.4.38 jaxlib-0.4.38 joblib-1.5.3 keras-2.12.0 lazy_loader-0.5 libclang-18.1.1 lightdsa-0.0.3 lightecc-0.0.7 lightphe-0.0.25 lz4-4.4.5 markdown-3.10.2 ml_dtypes-0.5.3 mtcnn-1.0.0 numpy-1.24.3 oauthlib-3.3.1 opencv-python-4.8.1.78 opencv-python-headless-4.8.1.78 opt-einsum-3.4.0 pandas-2.3.3 protobuf-4.25.8 pyasn1-0.6.3 pyasn1-modules-0.4.2 pycparser-3.0 python-dateutil-2.9.0.post0 python-dotenv-1.2.2 pytz-2026.2 qudida-0.0.4 regex-2026.5.9 requests-2.34.2 requests-oauthlib-2.0.0 retina-face-0.0.18 safetensors-0.8.0 scikit-image-0.21.0 scikit-learn-1.3.2 scipy-1.10.1 six-1.17.0 soupsieve-2.8.4 tensorboard-2.12.3 tensorboard-data-server-0.7.2 tensorflow-2.12.1 tensorflow-estimator-2.12.0 tensorflow-io-gcs-filesystem-0.37.1 termcolor-3.3.0 threadpoolctl-3.6.0 tifffile-2026.3.3 tokenizers-0.22.1 tqdm-4.68.2 transformers-4.57.6 typing-extensions-4.5.0 tzdata-2026.2 urllib3-2.7.0 werkzeug-3.1.8 wrapt-1.14.2 zipp-4.1.0
WARNING: Running pip as the 'root' user can result in broken permissions and conflicting behaviour with the system package manager, possibly rendering your system unusable. It is recommended to use a virtual environment instead: https://pip.pypa.io/warnings/venv. Use the --root-user-action option if you know what you are doing and want to suppress this warning.
Looking in indexes: https://pypi.org/simple, https://pypi.ngc.nvidia.com
Collecting typing-extensions<5,>=4.14
  Downloading typing_extensions-4.15.0-py3-none-any.whl.metadata (3.3 kB)
Downloading typing_extensions-4.15.0-py3-none-any.whl (44 kB)
Installing collected packages: typing-extensions
  Attempting uninstall: typing-extensions
    Found existing installation: typing_extensions 4.5.0
    Uninstalling typing_extensions-4.5.0:
      Successfully uninstalled typing_extensions-4.5.0
ERROR: pip's dependency resolver does not currently take into account all the packages that are installed. This behaviour is the source of the following dependency conflicts.
tensorflow 2.12.1 requires typing-extensions<4.6.0,>=3.6.6, but you have typing-extensions 4.15.0 which is incompatible.
Successfully installed typing-extensions-4.15.0
WARNING: Running pip as the 'root' user can result in broken permissions and conflicting behaviour with the system package manager, possibly rendering your system unusable. It is recommended to use a virtual environment instead: https://pip.pypa.io/warnings/venv. Use the --root-user-action option if you know what you are doing and want to suppress this warning.

[09:38:58] Installing Accelerate after restoring PyTorch-compatible typing-extensions
Looking in indexes: https://pypi.org/simple, https://pypi.ngc.nvidia.com
Collecting psutil
  Downloading psutil-7.2.2-cp36-abi3-manylinux2010_x86_64.manylinux_2_12_x86_64.manylinux_2_28_x86_64.whl.metadata (22 kB)
Downloading psutil-7.2.2-cp36-abi3-manylinux2010_x86_64.manylinux_2_12_x86_64.manylinux_2_28_x86_64.whl (155 kB)
Installing collected packages: psutil
Successfully installed psutil-7.2.2
WARNING: Running pip as the 'root' user can result in broken permissions and conflicting behaviour with the system package manager, possibly rendering your system unusable. It is recommended to use a virtual environment instead: https://pip.pypa.io/warnings/venv. Use the --root-user-action option if you know what you are doing and want to suppress this warning.
Looking in indexes: https://pypi.org/simple, https://pypi.ngc.nvidia.com
Collecting accelerate>=0.30
  Downloading accelerate-1.13.0-py3-none-any.whl.metadata (19 kB)
Downloading accelerate-1.13.0-py3-none-any.whl (383 kB)
Installing collected packages: accelerate
Successfully installed accelerate-1.13.0
WARNING: Running pip as the 'root' user can result in broken permissions and conflicting behaviour with the system package manager, possibly rendering your system unusable. It is recommended to use a virtual environment instead: https://pip.pypa.io/warnings/venv. Use the --root-user-action option if you know what you are doing and want to suppress this warning.

[09:39:04] Installing UI/backend requirements with pip
Looking in indexes: https://pypi.org/simple, https://pypi.ngc.nvidia.com
Collecting fastapi>=0.115 (from -r requirements-ui.txt (line 1))
  Downloading fastapi-0.136.3-py3-none-any.whl.metadata (27 kB)
Collecting uvicorn>=0.30 (from uvicorn[standard]>=0.30->-r requirements-ui.txt (line 2))
  Downloading uvicorn-0.49.0-py3-none-any.whl.metadata (6.7 kB)
Collecting starlette>=0.46.0 (from fastapi>=0.115->-r requirements-ui.txt (line 1))
  Downloading starlette-1.3.1-py3-none-any.whl.metadata (6.4 kB)
Collecting pydantic>=2.9.0 (from fastapi>=0.115->-r requirements-ui.txt (line 1))
  Downloading pydantic-2.13.4-py3-none-any.whl.metadata (109 kB)
Requirement already satisfied: typing-extensions>=4.8.0 in ./.venv-linux-gpu/lib/python3.11/site-packages (from fastapi>=0.115->-r requirements-ui.txt (line 1)) (4.15.0)
Collecting typing-inspection>=0.4.2 (from fastapi>=0.115->-r requirements-ui.txt (line 1))
  Downloading typing_inspection-0.4.2-py3-none-any.whl.metadata (2.6 kB)
Collecting annotated-doc>=0.0.2 (from fastapi>=0.115->-r requirements-ui.txt (line 1))
  Downloading annotated_doc-0.0.4-py3-none-any.whl.metadata (6.6 kB)
Requirement already satisfied: click>=7.0 in ./.venv-linux-gpu/lib/python3.11/site-packages (from uvicorn>=0.30->uvicorn[standard]>=0.30->-r requirements-ui.txt (line 2)) (8.4.1)
Requirement already satisfied: h11>=0.8 in ./.venv-linux-gpu/lib/python3.11/site-packages (from uvicorn>=0.30->uvicorn[standard]>=0.30->-r requirements-ui.txt (line 2)) (0.16.0)
Collecting annotated-types>=0.6.0 (from pydantic>=2.9.0->fastapi>=0.115->-r requirements-ui.txt (line 1))
  Downloading annotated_types-0.7.0-py3-none-any.whl.metadata (15 kB)
Collecting pydantic-core==2.46.4 (from pydantic>=2.9.0->fastapi>=0.115->-r requirements-ui.txt (line 1))
  Downloading pydantic_core-2.46.4-cp311-cp311-manylinux_2_17_x86_64.manylinux2014_x86_64.whl.metadata (6.6 kB)
Requirement already satisfied: anyio<5,>=3.6.2 in ./.venv-linux-gpu/lib/python3.11/site-packages (from starlette>=0.46.0->fastapi>=0.115->-r requirements-ui.txt (line 1)) (4.13.0)
Requirement already satisfied: idna>=2.8 in ./.venv-linux-gpu/lib/python3.11/site-packages (from anyio<5,>=3.6.2->starlette>=0.46.0->fastapi>=0.115->-r requirements-ui.txt (line 1)) (3.18)
Collecting httptools>=0.8.0 (from uvicorn[standard]>=0.30->-r requirements-ui.txt (line 2))
  Downloading httptools-0.8.0-cp311-cp311-manylinux1_x86_64.manylinux_2_28_x86_64.manylinux_2_5_x86_64.whl.metadata (3.5 kB)
Requirement already satisfied: python-dotenv>=0.13 in ./.venv-linux-gpu/lib/python3.11/site-packages (from uvicorn[standard]>=0.30->-r requirements-ui.txt (line 2)) (1.2.2)
Requirement already satisfied: pyyaml>=5.1 in ./.venv-linux-gpu/lib/python3.11/site-packages (from uvicorn[standard]>=0.30->-r requirements-ui.txt (line 2)) (6.0.3)
Collecting uvloop>=0.15.1 (from uvicorn[standard]>=0.30->-r requirements-ui.txt (line 2))
  Downloading uvloop-0.22.1-cp311-cp311-manylinux2014_x86_64.manylinux_2_17_x86_64.manylinux_2_28_x86_64.whl.metadata (4.9 kB)
Collecting watchfiles>=0.20 (from uvicorn[standard]>=0.30->-r requirements-ui.txt (line 2))
  Downloading watchfiles-1.2.0-cp311-cp311-manylinux_2_17_x86_64.manylinux2014_x86_64.whl.metadata (4.9 kB)
Collecting websockets>=10.4 (from uvicorn[standard]>=0.30->-r requirements-ui.txt (line 2))
  Downloading websockets-16.0-cp311-cp311-manylinux1_x86_64.manylinux_2_28_x86_64.manylinux_2_5_x86_64.whl.metadata (6.8 kB)
Downloading fastapi-0.136.3-py3-none-any.whl (117 kB)
Downloading uvicorn-0.49.0-py3-none-any.whl (71 kB)
Downloading annotated_doc-0.0.4-py3-none-any.whl (5.3 kB)
Downloading pydantic-2.13.4-py3-none-any.whl (472 kB)
Downloading pydantic_core-2.46.4-cp311-cp311-manylinux_2_17_x86_64.manylinux2014_x86_64.whl (2.1 MB)
   ━━━━━━━━━━━━━━━━━━━━━━━━━━━━━━━━━━━━━━━━ 2.1/2.1 MB 11.8 MB/s  0:00:00
Downloading annotated_types-0.7.0-py3-none-any.whl (13 kB)
Downloading starlette-1.3.1-py3-none-any.whl (73 kB)
Downloading typing_inspection-0.4.2-py3-none-any.whl (14 kB)
Downloading httptools-0.8.0-cp311-cp311-manylinux1_x86_64.manylinux_2_28_x86_64.manylinux_2_5_x86_64.whl (464 kB)
Downloading uvloop-0.22.1-cp311-cp311-manylinux2014_x86_64.manylinux_2_17_x86_64.manylinux_2_28_x86_64.whl (3.8 MB)
   ━━━━━━━━━━━━━━━━━━━━━━━━━━━━━━━━━━━━━━━━ 3.8/3.8 MB 48.3 MB/s  0:00:00
Downloading watchfiles-1.2.0-cp311-cp311-manylinux_2_17_x86_64.manylinux2014_x86_64.whl (456 kB)
Downloading websockets-16.0-cp311-cp311-manylinux1_x86_64.manylinux_2_28_x86_64.manylinux_2_5_x86_64.whl (184 kB)
Installing collected packages: websockets, uvloop, uvicorn, typing-inspection, pydantic-core, httptools, annotated-types, annotated-doc, watchfiles, starlette, pydantic, fastapi

Successfully installed annotated-doc-0.0.4 annotated-types-0.7.0 fastapi-0.136.3 httptools-0.8.0 pydantic-2.13.4 pydantic-core-2.46.4 starlette-1.3.1 typing-inspection-0.4.2 uvicorn-0.49.0 uvloop-0.22.1 watchfiles-1.2.0 websockets-16.0
WARNING: Running pip as the 'root' user can result in broken permissions and conflicting behaviour with the system package manager, possibly rendering your system unusable. It is recommended to use a virtual environment instead: https://pip.pypa.io/warnings/venv. Use the --root-user-action option if you know what you are doing and want to suppress this warning.

[09:39:28] Skipping optional LPIPS install. Set INSTALL_LPIPS=1 to enable loss.json objective.beta.use_lpips.

[09:39:28] Verifying PyTorch and CUDA
python 3.11.15 | packaged by conda-forge | (main, Jun 11 2026, 03:34:02) [GCC 14.3.0]
torch 2.7.1+cu118
torch cuda available True
torch cuda version 11.8
gpu NVIDIA H100 80GB HBM3 MIG 3g.40gb
total_vram_gb 39.38

[09:39:33] Verifying TensorFlow import separately with CUDA hidden
2026-06-14 09:39:34.906720: I tensorflow/core/util/port.cc:110] oneDNN custom operations are on. You may see slightly different numerical results due to floating-point round-off errors from different computation orders. To turn them off, set the environment variable `TF_ENABLE_ONEDNN_OPTS=0`.
2026-06-14 09:39:35.043754: I tensorflow/tsl/cuda/cudart_stub.cc:28] Could not find cuda drivers on your machine, GPU will not be used.
2026-06-14 09:39:35.497517: I tensorflow/tsl/cuda/cudart_stub.cc:28] Could not find cuda drivers on your machine, GPU will not be used.
2026-06-14 09:39:35.498343: I tensorflow/core/platform/cpu_feature_guard.cc:182] This TensorFlow binary is optimized to use available CPU instructions in performance-critical operations.
To enable the following instructions: AVX2 AVX512F AVX512_VNNI AVX512_BF16 AVX_VNNI AMX_TILE AMX_INT8 AMX_BF16 FMA, in other operations, rebuild TensorFlow with the appropriate compiler flags.
2026-06-14 09:39:37.453414: W tensorflow/compiler/tf2tensorrt/utils/py_utils.cc:38] TF-TRT Warning: Could not find TensorRT
tensorflow 2.12.1

Done.

Activate this environment with:
  source /workspace/geometric-v1/.venv-linux-gpu/bin/activate

If this was created by micromamba and normal activation does not work:
  export MAMBA_ROOT_PREFIX="/root/.local/micromamba"
  eval "$(/root/.local/bin/micromamba shell hook -s bash)"
  micromamba activate "/workspace/geometric-v1/.venv-linux-gpu"

Run the A6000 profile:
  python -m geometric_v1.pipeline --config linux-gpu/pipeline.json
  python -m geometric_v1.brute_force --config linux-gpu/brute.json
  python -m geometric_v1.batch_brute_force --config linux-gpu/batch_brute.json
  python -m geometric_v1.loss_pipeline --config loss.json

