01 score=48.72 post=27.74 pre=75.85 psnr=15.34 ssim=0.653 drop=0.321 change the hairstyle /workspace/output/mentor_results_20260614_092647/search/pass3/04_men11_hair_strong/embedding_loss_run_20260614_101039/iterations/iter_000005
02 score=36.14 post=15.64 pre=89.27 psnr=19.98 ssim=0.793 drop=0.269 make the person smile /workspace/output/mentor_results_20260614_092647/search/pass3/06_men32_smile_strong/embedding_loss_run_20260614_101233/iterations/iter_000011
03 score=34.77 post=12.91 pre=89.13 psnr=17.51 ssim=0.687 drop=0.305 change the hairstyle /workspace/output/mentor_results_20260614_092647/search/pass3/04_men11_hair_strong/embedding_loss_run_20260614_101039/iterations/iter_000006
04 score=34.54 post=12.35 pre=87.14 psnr=15.87 ssim=0.660 drop=0.314 change the hairstyle /workspace/output/mentor_results_20260614_092647/search/pass3/04_men11_hair_strong/embedding_loss_run_20260614_101039/iterations/iter_000003
05 score=33.72 post=12.25 pre=90.86 psnr=19.81 ssim=0.783 drop=0.285 make the person smile /workspace/output/mentor_results_20260614_092647/search/pass3/06_men32_smile_strong/embedding_loss_run_20260614_101233/iterations/iter_000014
06 score=31.78 post=10.74 pre=91.00 psnr=16.86 ssim=0.692 drop=0.289 change the hairstyle /workspace/output/mentor_results_20260614_092647/search/pass3/04_men11_hair_strong/embedding_loss_run_20260614_101039/iterations/iter_000007
07 score=30.42 post=13.46 pre=82.84 psnr=19.10 ssim=0.716 drop=0.257 change the hairstyle /workspace/output/mentor_results_20260614_092647/search/pass3/04_men11_hair_strong/embedding_loss_run_20260614_101039/iterations/iter_000012
08 score=30.07 post=10.08 pre=92.99 psnr=20.77 ssim=0.792 drop=0.261 make the person smile /workspace/output/mentor_results_20260614_092647/search/pass3/06_men32_smile_strong/embedding_loss_run_20260614_101233/iterations/iter_000013
09 score=29.90 post=11.12 pre=91.25 psnr=20.88 ssim=0.806 drop=0.239 make the person smile /workspace/output/mentor_results_20260614_092647/search/pass3/06_men32_smile_strong/embedding_loss_run_20260614_101233/iterations/iter_000004
10 score=29.62 post=9.66 pre=92.27 psnr=20.36 ssim=0.793 drop=0.262 make the person smile /workspace/output/mentor_results_20260614_092647/search/pass3/06_men32_smile_strong/embedding_loss_run_20260614_101233/iterations/iter_000012
11 score=29.47 post=9.01 pre=89.75 psnr=16.69 ssim=0.695 drop=0.277 change the hairstyle /workspace/output/mentor_results_20260614_092647/search/pass2/04_men11_hair_relaxed/embedding_loss_run_20260614_095941/iterations/iter_000005
12 score=28.93 post=9.02 pre=90.66 psnr=18.39 ssim=0.710 drop=0.272 change the hairstyle /workspace/output/mentor_results_20260614_092647/search/pass3/04_men11_hair_strong/embedding_loss_run_20260614_101039/iterations/iter_000017
13 score=28.55 post=7.20 pre=93.59 psnr=16.92 ssim=0.685 drop=0.297 change the hairstyle /workspace/output/mentor_results_20260614_092647/search/pass3/04_men11_hair_strong/embedding_loss_run_20260614_101039/iterations/iter_000009
14 score=28.17 post=9.04 pre=92.65 psnr=18.81 ssim=0.755 drop=0.249 add sunglasses /workspace/output/mentor_results_20260614_092647/search/pass3/05_men16_sunglasses_strong/embedding_loss_run_20260614_101125/iterations/iter_000003
15 score=27.61 post=6.79 pre=93.78 psnr=16.39 ssim=0.684 drop=0.287 change the hairstyle /workspace/output/mentor_results_20260614_092647/search/pass3/04_men11_hair_strong/embedding_loss_run_20260614_101039/iterations/iter_000015
16 score=27.20 post=6.97 pre=92.76 psnr=17.29 ssim=0.714 drop=0.273 change the hairstyle /workspace/output/mentor_results_20260614_092647/search/pass3/04_men11_hair_strong/embedding_loss_run_20260614_101039/iterations/iter_000014
17 score=27.16 post=7.47 pre=92.24 psnr=17.28 ssim=0.703 drop=0.270 change the hairstyle /workspace/output/mentor_results_20260614_092647/search/pass2/04_men11_hair_relaxed/embedding_loss_run_20260614_095941/iterations/iter_000003
18 score=27.13 post=7.28 pre=92.31 psnr=18.37 ssim=0.705 drop=0.274 change the hairstyle /workspace/output/mentor_results_20260614_092647/search/pass3/04_men11_hair_strong/embedding_loss_run_20260614_101039/iterations/iter_000016
19 score=26.71 post=6.33 pre=93.59 psnr=18.36 ssim=0.691 drop=0.283 change the hairstyle /workspace/output/mentor_results_20260614_092647/search/pass3/04_men11_hair_strong/embedding_loss_run_20260614_101039/iterations/iter_000004
20 score=26.58 post=8.18 pre=93.07 psnr=23.03 ssim=0.826 drop=0.230 make the person smile /workspace/output/mentor_results_20260614_092647/search/pass3/06_men32_smile_strong/embedding_loss_run_20260614_101233/iterations/iter_000002
21 score=26.32 post=9.38 pre=95.43 psnr=22.70 ssim=0.796 drop=0.208 add sunglasses /workspace/output/mentor_results_20260614_092647/search/pass3/05_men16_sunglasses_strong/embedding_loss_run_20260614_101125/iterations/iter_000005
22 score=26.26 post=8.15 pre=91.83 psnr=22.06 ssim=0.818 drop=0.224 make the person smile /workspace/output/mentor_results_20260614_092647/search/pass3/06_men32_smile_strong/embedding_loss_run_20260614_101233/iterations/iter_000009
23 score=26.07 post=5.15 pre=93.42 psnr=16.88 ssim=0.701 drop=0.286 change the hairstyle /workspace/output/mentor_results_20260614_092647/search/pass3/04_men11_hair_strong/embedding_loss_run_20260614_101039/iterations/iter_000010
24 score=25.66 post=7.46 pre=92.77 psnr=21.91 ssim=0.819 drop=0.227 make the person smile /workspace/output/mentor_results_20260614_092647/search/pass3/06_men32_smile_strong/embedding_loss_run_20260614_101233/iterations/iter_000010
25 score=25.55 post=6.82 pre=93.50 psnr=21.83 ssim=0.812 drop=0.237 make the person smile /workspace/output/mentor_results_20260614_092647/search/pass3/06_men32_smile_strong/embedding_loss_run_20260614_101233/iterations/iter_000015
/workspace/output/mentor_results_20260614_092647/search/iteration_candidate_scan.json
