2026-06-14 12:44:26.122301: I tensorflow/core/util/port.cc:110] oneDNN custom operations are on. You may see slightly different numerical results due to floating-point round-off errors from different computation orders. To turn them off, set the environment variable `TF_ENABLE_ONEDNN_OPTS=0`.
2026-06-14 12:44:26.160919: I tensorflow/core/platform/cpu_feature_guard.cc:182] This TensorFlow binary is optimized to use available CPU instructions in performance-critical operations.
To enable the following instructions: AVX2 AVX512F AVX512_VNNI AVX512_BF16 AVX_VNNI AMX_TILE AMX_INT8 AMX_BF16 FMA, in other operations, rebuild TensorFlow with the appropriate compiler flags.
2026-06-14 12:44:27.394876: W tensorflow/compiler/tf2tensorrt/utils/py_utils.cc:38] TF-TRT Warning: Could not find TensorRT
Loading pipeline components...:   0%|          | 0/5 [00:00<?, ?it/s]Loading pipeline components...:  20%|██        | 1/5 [00:00<00:01,  3.75it/s]
Loading checkpoint shards:   0%|          | 0/2 [00:00<?, ?it/s][ALoading checkpoint shards: 100%|██████████| 2/2 [00:00<00:00, 80.11it/s]
Loading pipeline components...: 100%|██████████| 5/5 [00:00<00:00, 16.24it/s]Loading pipeline components...: 100%|██████████| 5/5 [00:00<00:00, 13.53it/s]
{
  "output_dir": "/workspace/output/mentor_results_20260614_123821/smoke_fixed_men66_sunglasses_eps4_i8",
  "metrics": {
    "input": {
      "psnr": 38.62853552909804,
      "ssim": 0.9345225007497123,
      "l2": 0.011710440277319196,
      "mean_abs": 0.010419621132314205,
      "max_abs": 0.01568630337715149
    },
    "output": {
      "psnr": 18.743903641542673,
      "ssim": 0.8039000283912311,
      "l2": 0.11555927751044393,
      "mean_abs": 0.04361554607748985,
      "max_abs": 0.8745098114013672
    },
    "delta": {
      "linf": 0.01568630337715149,
      "mean_abs": 0.010421015322208405,
      "epsilon": 0.01568627450980392
    }
  }
}
