2026-06-14 18:24:10.305464: I tensorflow/core/util/port.cc:110] oneDNN custom operations are on. You may see slightly different numerical results due to floating-point round-off errors from different computation orders. To turn them off, set the environment variable `TF_ENABLE_ONEDNN_OPTS=0`.
2026-06-14 18:24:10.342786: I tensorflow/core/platform/cpu_feature_guard.cc:182] This TensorFlow binary is optimized to use available CPU instructions in performance-critical operations.
To enable the following instructions: AVX2 AVX512F AVX512_VNNI AVX512_BF16 AVX_VNNI AMX_TILE AMX_INT8 AMX_BF16 FMA, in other operations, rebuild TensorFlow with the appropriate compiler flags.
2026-06-14 18:24:11.504799: W tensorflow/compiler/tf2tensorrt/utils/py_utils.cc:38] TF-TRT Warning: Could not find TensorRT
Loading pipeline components...:   0%|          | 0/5 [00:00<?, ?it/s]
Loading checkpoint shards:   0%|          | 0/2 [00:00<?, ?it/s][ALoading checkpoint shards: 100%|██████████| 2/2 [00:00<00:00, 89.12it/s]
Loading pipeline components...:  60%|██████    | 3/5 [00:00<00:00,  9.44it/s]Loading pipeline components...: 100%|██████████| 5/5 [00:00<00:00, 14.08it/s]
{
  "run_root": "/workspace/output/geo_whitebox_results_20260614_172707/blackbox/men51_headshot_tps_piecewise_dct_rolling_face_g5p12",
  "top": [
    {
      "name": "cand_001_g01_m01",
      "output_dir": "/workspace/output/geo_whitebox_results_20260614_172707/blackbox/men51_headshot_tps_piecewise_dct_rolling_face_g5p12/cand_001_g01_m01",
      "generation": 1,
      "score": -10.0,
      "valid": false,
      "input_psnr": 30.27930189054817,
      "input_ssim": 0.9421697705637282,
      "output_ssim": 1.0,
      "output_l2": 0.0,
      "clean_edit_l2": 0.0,
      "pert_edit_l2": 0.0,
      "max_disp": 2.500000476837158,
      "mean_disp": 0.40909916162490845,
      "p95_disp": 2.5,
      "rank": 1
    },
    {
      "name": "cand_002_g01_m02",
      "output_dir": "/workspace/output/geo_whitebox_results_20260614_172707/blackbox/men51_headshot_tps_piecewise_dct_rolling_face_g5p12/cand_002_g01_m02",
      "generation": 1,
      "score": -10.0,
      "valid": false,
      "input_psnr": 31.10993843096403,
      "input_ssim": 0.9492930403229881,
      "output_ssim": 1.0,
      "output_l2": 0.0,
      "clean_edit_l2": 0.0,
      "pert_edit_l2": 0.0,
      "max_disp": 2.500000476837158,
      "mean_disp": 0.3426826596260071,
      "p95_disp": 2.149080514907837,
      "rank": 2
    },
    {
      "name": "cand_003_g01_m03",
      "output_dir": "/workspace/output/geo_whitebox_results_20260614_172707/blackbox/men51_headshot_tps_piecewise_dct_rolling_face_g5p12/cand_003_g01_m03",
      "generation": 1,
      "score": -10.0,
      "valid": false,
      "input_psnr": 30.16924825529996,
      "input_ssim": 0.9408693111773201,
      "output_ssim": 1.0,
      "output_l2": 0.0,
      "clean_edit_l2": 0.0,
      "pert_edit_l2": 0.0,
      "max_disp": 2.500000476837158,
      "mean_disp": 0.4498724341392517,
      "p95_disp": 2.5,
      "rank": 3
    },
    {
      "name": "cand_004_g01_m04",
      "output_dir": "/workspace/output/geo_whitebox_results_20260614_172707/blackbox/men51_headshot_tps_piecewise_dct_rolling_face_g5p12/cand_004_g01_m04",
      "generation": 1,
      "score": -10.0,
      "valid": false,
      "input_psnr": 29.976936680134656,
      "input_ssim": 0.9388053951648425,
      "output_ssim": 1.0,
      "output_l2": 0.0,
      "clean_edit_l2": 0.0,
      "pert_edit_l2": 0.0,
      "max_disp": 2.500000476837158,
      "mean_disp": 0.4664447009563446,
      "p95_disp": 2.5,
      "rank": 4
    },
    {
      "name": "cand_005_g01_m05",
      "output_dir": "/workspace/output/geo_whitebox_results_20260614_172707/blackbox/men51_headshot_tps_piecewise_dct_rolling_face_g5p12/cand_005_g01_m05",
      "generation": 1,
      "score": -10.0,
      "valid": false,
      "input_psnr": 31.84899706418671,
      "input_ssim": 0.9541003635800407,
      "output_ssim": 1.0,
      "output_l2": 0.0,
      "clean_edit_l2": 0.0,
      "pert_edit_l2": 0.0,
      "max_disp": 2.500000476837158,
      "mean_disp": 0.3303481936454773,
      "p95_disp": 1.882697343826294,
      "rank": 5
    },
    {
      "name": "cand_006_g01_m06",
      "output_dir": "/workspace/output/geo_whitebox_results_20260614_172707/blackbox/men51_headshot_tps_piecewise_dct_rolling_face_g5p12/cand_006_g01_m06",
      "generation": 1,
      "score": -10.0,
      "valid": false,
      "input_psnr": 29.252851690058684,
      "input_ssim": 0.9298922097323056,
      "output_ssim": 1.0,
      "output_l2": 0.0,
      "clean_edit_l2": 0.0,
      "pert_edit_l2": 0.0,
      "max_disp": 2.500000476837158,
      "mean_disp": 0.5091902613639832,
      "p95_disp": 2.5,
      "rank": 6
    },
    {
      "name": "cand_007_g01_m07",
      "output_dir": "/workspace/output/geo_whitebox_results_20260614_172707/blackbox/men51_headshot_tps_piecewise_dct_rolling_face_g5p12/cand_007_g01_m07",
      "generation": 1,
      "score": -10.0,
      "valid": false,
      "input_psnr": 29.93900904211488,
      "input_ssim": 0.9356669490708266,
      "output_ssim": 1.0,
      "output_l2": 0.0,
      "clean_edit_l2": 0.0,
      "pert_edit_l2": 0.0,
      "max_disp": 2.500000476837158,
      "mean_disp": 0.47019681334495544,
      "p95_disp": 2.5,
      "rank": 7
    },
    {
      "name": "cand_008_g01_m08",
      "output_dir": "/workspace/output/geo_whitebox_results_20260614_172707/blackbox/men51_headshot_tps_piecewise_dct_rolling_face_g5p12/cand_008_g01_m08",
      "generation": 1,
      "score": -10.0,
      "valid": false,
      "input_psnr": 31.922294903613224,
      "input_ssim": 0.9524858705156,
      "output_ssim": 1.0,
      "output_l2": 0.0,
      "clean_edit_l2": 0.0,
      "pert_edit_l2": 0.0,
      "max_disp": 2.500000476837158,
      "mean_disp": 0.38061845302581787,
      "p95_disp": 2.362314462661743,
      "rank": 8
    }
  ]
}
