2026-06-14 17:36:29.106425: I tensorflow/core/util/port.cc:110] oneDNN custom operations are on. You may see slightly different numerical results due to floating-point round-off errors from different computation orders. To turn them off, set the environment variable `TF_ENABLE_ONEDNN_OPTS=0`.
2026-06-14 17:36:29.145581: I tensorflow/core/platform/cpu_feature_guard.cc:182] This TensorFlow binary is optimized to use available CPU instructions in performance-critical operations.
To enable the following instructions: AVX2 AVX512F AVX512_VNNI AVX512_BF16 AVX_VNNI AMX_TILE AMX_INT8 AMX_BF16 FMA, in other operations, rebuild TensorFlow with the appropriate compiler flags.
2026-06-14 17:36:30.399743: W tensorflow/compiler/tf2tensorrt/utils/py_utils.cc:38] TF-TRT Warning: Could not find TensorRT
Loading pipeline components...:   0%|          | 0/5 [00:00<?, ?it/s]Loading pipeline components...:  60%|██████    | 3/5 [00:00<00:00,  9.09it/s]
Loading checkpoint shards:   0%|          | 0/2 [00:00<?, ?it/s][ALoading checkpoint shards: 100%|██████████| 2/2 [00:00<00:00, 81.34it/s]
Loading pipeline components...: 100%|██████████| 5/5 [00:00<00:00, 12.37it/s]
{
  "output_dir": "/workspace/output/geo_whitebox_results_20260614_172707/smoke/grid_dct_men57_older_vae_2px_i50",
  "metrics": {
    "input": {
      "psnr": 39.088811077369876,
      "ssim": 0.9827271554625826,
      "l2": 0.011106045442314387,
      "mean_abs": 0.004912722855806351,
      "max_abs": 0.23529411852359772
    },
    "output": {
      "psnr": 41.80186068610223,
      "ssim": 0.9931055952055257,
      "l2": 0.00812656410744348,
      "mean_abs": 0.004535599146038294,
      "max_abs": 0.17647060751914978
    },
    "displacement": {
      "max_dx_px": 1.1360136270523071,
      "max_dy_px": 1.107575535774231,
      "max_magnitude_px": 1.2069255113601685,
      "mean_magnitude_px": 0.3750682771205902,
      "p95_magnitude_px": 0.8450790643692017
    },
    "jacobian": {
      "jacobian_det_min": 0.9060826301574707,
      "jacobian_det_mean": 0.9999958872795105,
      "foldover_fraction_det_below_0": 0.0,
      "low_det_fraction_below_0p2": 0.0
    }
  },
  "best_score": 0.02890867367386818
}
