2026-06-14 17:34:57.478847: I tensorflow/core/util/port.cc:110] oneDNN custom operations are on. You may see slightly different numerical results due to floating-point round-off errors from different computation orders. To turn them off, set the environment variable `TF_ENABLE_ONEDNN_OPTS=0`.
2026-06-14 17:34:57.517272: I tensorflow/core/platform/cpu_feature_guard.cc:182] This TensorFlow binary is optimized to use available CPU instructions in performance-critical operations.
To enable the following instructions: AVX2 AVX512F AVX512_VNNI AVX512_BF16 AVX_VNNI AMX_TILE AMX_INT8 AMX_BF16 FMA, in other operations, rebuild TensorFlow with the appropriate compiler flags.
2026-06-14 17:34:58.770811: W tensorflow/compiler/tf2tensorrt/utils/py_utils.cc:38] TF-TRT Warning: Could not find TensorRT
Loading pipeline components...:   0%|          | 0/5 [00:00<?, ?it/s]Loading pipeline components...:  40%|████      | 2/5 [00:00<00:00,  7.67it/s]
Loading checkpoint shards:   0%|          | 0/2 [00:00<?, ?it/s][ALoading checkpoint shards: 100%|██████████| 2/2 [00:00<00:00, 84.38it/s]
Loading pipeline components...: 100%|██████████| 5/5 [00:00<00:00, 14.26it/s]
{
  "output_dir": "/workspace/output/geo_whitebox_results_20260614_172707/smoke/grid_dct_men57_older_hybrid_1p5px_i40_stable",
  "metrics": {
    "input": {
      "psnr": 41.83518538737738,
      "ssim": 0.9899428132643456,
      "l2": 0.00809544507591516,
      "mean_abs": 0.0034618505742400885,
      "max_abs": 0.23137256503105164
    },
    "output": {
      "psnr": 42.5865777815767,
      "ssim": 0.9948235331724066,
      "l2": 0.007424566661570911,
      "mean_abs": 0.004979281686246395,
      "max_abs": 0.10980391502380371
    },
    "displacement": {
      "max_dx_px": 1.050066590309143,
      "max_dy_px": 1.038417100906372,
      "max_magnitude_px": 1.2971786260604858,
      "mean_magnitude_px": 0.33755290508270264,
      "p95_magnitude_px": 0.7800552248954773
    },
    "jacobian": {
      "jacobian_det_min": 0.9268629550933838,
      "jacobian_det_mean": 0.9999909996986389,
      "foldover_fraction_det_below_0": 0.0,
      "low_det_fraction_below_0p2": 0.0
    }
  },
  "best_score": 0.012844227254390717
}
