2026-06-14 17:46:19.684016: I tensorflow/core/util/port.cc:110] oneDNN custom operations are on. You may see slightly different numerical results due to floating-point round-off errors from different computation orders. To turn them off, set the environment variable `TF_ENABLE_ONEDNN_OPTS=0`.
2026-06-14 17:46:19.721228: I tensorflow/core/platform/cpu_feature_guard.cc:182] This TensorFlow binary is optimized to use available CPU instructions in performance-critical operations.
To enable the following instructions: AVX2 AVX512F AVX512_VNNI AVX512_BF16 AVX_VNNI AMX_TILE AMX_INT8 AMX_BF16 FMA, in other operations, rebuild TensorFlow with the appropriate compiler flags.
2026-06-14 17:46:20.929666: W tensorflow/compiler/tf2tensorrt/utils/py_utils.cc:38] TF-TRT Warning: Could not find TensorRT
Loading pipeline components...:   0%|          | 0/5 [00:00<?, ?it/s]Loading pipeline components...:  40%|████      | 2/5 [00:00<00:00,  6.35it/s]
Loading checkpoint shards:   0%|          | 0/2 [00:00<?, ?it/s][ALoading checkpoint shards: 100%|██████████| 2/2 [00:00<00:00, 83.08it/s]
Loading pipeline components...: 100%|██████████| 5/5 [00:00<00:00, 12.28it/s]
{
  "output_dir": "/workspace/output/geo_whitebox_results_20260614_172707/smoke/multitime_men66_sunglasses_rolling_dct_2p5px_i16",
  "metrics": {
    "input": {
      "psnr": 34.71794939156396,
      "ssim": 0.9732728848239978,
      "l2": 0.018369719737261755,
      "mean_abs": 0.007954690605401993,
      "max_abs": 0.3843137323856354
    },
    "output": {
      "psnr": 35.025785642349135,
      "ssim": 0.9727420383194062,
      "l2": 0.01773008092650239,
      "mean_abs": 0.007963688112795353,
      "max_abs": 0.42352941632270813
    },
    "displacement": {
      "max_dx_px": 1.0205374956130981,
      "max_dy_px": 1.3316271305084229,
      "max_magnitude_px": 1.3626158237457275,
      "mean_magnitude_px": 0.41453415155410767,
      "p95_magnitude_px": 0.8343326449394226
    },
    "jacobian": {
      "jacobian_det_min": 0.9107511043548584,
      "jacobian_det_mean": 0.9999980926513672,
      "foldover_fraction_det_below_0": 0.0,
      "low_det_fraction_below_0p2": 0.0
    }
  },
  "best_score": 0.03544791787862778
}
