2026-06-14 17:33:37.592381: I tensorflow/core/util/port.cc:110] oneDNN custom operations are on. You may see slightly different numerical results due to floating-point round-off errors from different computation orders. To turn them off, set the environment variable `TF_ENABLE_ONEDNN_OPTS=0`.
2026-06-14 17:33:37.631180: I tensorflow/core/platform/cpu_feature_guard.cc:182] This TensorFlow binary is optimized to use available CPU instructions in performance-critical operations.
To enable the following instructions: AVX2 AVX512F AVX512_VNNI AVX512_BF16 AVX_VNNI AMX_TILE AMX_INT8 AMX_BF16 FMA, in other operations, rebuild TensorFlow with the appropriate compiler flags.
2026-06-14 17:33:38.908970: W tensorflow/compiler/tf2tensorrt/utils/py_utils.cc:38] TF-TRT Warning: Could not find TensorRT
Loading pipeline components...:   0%|          | 0/5 [00:00<?, ?it/s]Loading pipeline components...:  40%|████      | 2/5 [00:00<00:00,  6.39it/s]
Loading checkpoint shards:   0%|          | 0/2 [00:00<?, ?it/s][ALoading checkpoint shards: 100%|██████████| 2/2 [00:00<00:00, 84.40it/s]
Loading pipeline components...: 100%|██████████| 5/5 [00:00<00:00, 12.96it/s]
/workspace/output/geo_whitebox_results_20260614_172707/scripts/geo_whitebox_attack.py:88: RuntimeWarning: invalid value encountered in cast
  return Image.fromarray((arr * 255.0 + 0.5).astype(np.uint8), "RGB")
{
  "output_dir": "/workspace/output/geo_whitebox_results_20260614_172707/smoke/grid_dct_men57_older_hybrid_2px_i30",
  "metrics": {
    "input": {
      "psnr": 12.464582417821061,
      "ssim": 0.5653466230513688,
      "l2": 0.23810629597243962,
      "mean_abs": 0.19342607259750366,
      "max_abs": 0.772549033164978
    },
    "output": {
      "psnr": 10.19839512206654,
      "ssim": 0.4696154280040221,
      "l2": 0.3090866474210664,
      "mean_abs": 0.2576133906841278,
      "max_abs": 0.9372549057006836
    },
    "displacement": {
      "max_dx_px": NaN,
      "max_dy_px": NaN,
      "max_magnitude_px": NaN,
      "mean_magnitude_px": NaN,
      "p95_magnitude_px": NaN
    },
    "jacobian": {
      "jacobian_det_min": NaN,
      "jacobian_det_mean": NaN,
      "foldover_fraction_det_below_0": 0.0,
      "low_det_fraction_below_0p2": 0.0
    }
  },
  "best_score": 1.4862802028656006
}
