2026-06-14 17:48:31.089560: I tensorflow/core/util/port.cc:110] oneDNN custom operations are on. You may see slightly different numerical results due to floating-point round-off errors from different computation orders. To turn them off, set the environment variable `TF_ENABLE_ONEDNN_OPTS=0`.
2026-06-14 17:48:31.127704: I tensorflow/core/platform/cpu_feature_guard.cc:182] This TensorFlow binary is optimized to use available CPU instructions in performance-critical operations.
To enable the following instructions: AVX2 AVX512F AVX512_VNNI AVX512_BF16 AVX_VNNI AMX_TILE AMX_INT8 AMX_BF16 FMA, in other operations, rebuild TensorFlow with the appropriate compiler flags.
2026-06-14 17:48:32.349198: W tensorflow/compiler/tf2tensorrt/utils/py_utils.cc:38] TF-TRT Warning: Could not find TensorRT
Loading pipeline components...:   0%|          | 0/5 [00:00<?, ?it/s]
Loading checkpoint shards:   0%|          | 0/2 [00:00<?, ?it/s][ALoading checkpoint shards: 100%|██████████| 2/2 [00:00<00:00, 88.25it/s]
Loading pipeline components...:  60%|██████    | 3/5 [00:00<00:00,  8.14it/s]Loading pipeline components...: 100%|██████████| 5/5 [00:00<00:00, 12.91it/s]
Traceback (most recent call last):
  File "/workspace/output/geo_whitebox_results_20260614_172707/scripts/geo_whitebox_attack.py", line 820, in <module>
    main()
  File "/workspace/output/geo_whitebox_results_20260614_172707/scripts/geo_whitebox_attack.py", line 815, in main
    report = run_with_pipe(cfg, pipe, device)
             ^^^^^^^^^^^^^^^^^^^^^^^^^^^^^^^^
  File "/workspace/output/geo_whitebox_results_20260614_172707/scripts/geo_whitebox_attack.py", line 701, in run_with_pipe
    perturbed01, disp, attack_report, model = optimize_geometry(pipe, clean01, cfg, device)
                                              ^^^^^^^^^^^^^^^^^^^^^^^^^^^^^^^^^^^^^^^^^^^^^
  File "/workspace/output/geo_whitebox_results_20260614_172707/scripts/geo_whitebox_attack.py", line 602, in optimize_geometry
    denoised, condition = denoise_latents(pipe, warped, fixed, generator)
                          ^^^^^^^^^^^^^^^^^^^^^^^^^^^^^^^^^^^^^^^^^^^^^^^
  File "/workspace/output/geo_whitebox_results_20260614_172707/scripts/geo_whitebox_attack.py", line 218, in denoise_latents
    latents = pipe.scheduler.step(noise_pred, t, latents, return_dict=False)[0]
              ^^^^^^^^^^^^^^^^^^^^^^^^^^^^^^^^^^^^^^^^^^^^^^^^^^^^^^^^^^^^^^
  File "/workspace/geometric-v1/.venv-linux-gpu/lib/python3.11/site-packages/diffusers/schedulers/scheduling_flow_match_euler_discrete.py", line 503, in step
    sigma_next = self.sigmas[sigma_idx + 1]
                 ~~~~~~~~~~~^^^^^^^^^^^^^^^
IndexError: index 5 is out of bounds for dimension 0 with size 5
